INFO 2025-07-04 17:43:52,150 autoreload Watching for file changes with StatReloader
INFO 2025-07-04 17:44:05,613 autoreload E:\Development\BBB Sales Dashboard\breadbybike-dashboard\backend\sales\views.py changed, reloading.
INFO 2025-07-04 17:44:06,205 autoreload Watching for file changes with StatReloader
INFO 2025-07-04 17:44:20,554 autoreload E:\Development\BBB Sales Dashboard\breadbybike-dashboard\backend\sales\views.py changed, reloading.
INFO 2025-07-04 17:44:21,175 autoreload Watching for file changes with StatReloader
INFO 2025-07-04 17:45:37,671 autoreload E:\Development\BBB Sales Dashboard\breadbybike-dashboard\backend\sales\views.py changed, reloading.
INFO 2025-07-04 17:45:38,333 autoreload Watching for file changes with StatReloader
INFO 2025-07-04 17:45:49,753 views TriggerCalculationsView POST request received
DEBUG 2025-07-04 17:45:49,755 views Received location: Both, item_name: Wholemeal
WARNING 2025-07-04 17:45:49,755 views Invalid location provided: Both
INFO 2025-07-04 17:45:49,755 basehttp "GET /api/order-stats/?locations=Both,Both_items_Wholemeal HTTP/1.1" 200 1348
WARNING 2025-07-04 17:45:49,756 log Bad Request: /api/trigger-calculation/
WARNING 2025-07-04 17:45:49,758 basehttp "POST /api/trigger-calculation/ HTTP/1.1" 400 28
INFO 2025-07-04 17:45:49,758 basehttp "GET /api/order-stats/?locations=Both,Both_items_Wholemeal HTTP/1.1" 200 1348
INFO 2025-07-04 17:45:58,589 basehttp "GET /api/order-stats/?locations=Both,Both_items_Wholemeal HTTP/1.1" 200 1348
INFO 2025-07-04 17:45:58,592 basehttp "GET /api/order-stats/?locations=Both,Both_items_Wholemeal HTTP/1.1" 200 1348
INFO 2025-07-04 17:46:17,682 basehttp "GET /api/order-stats/?locations=Both,Both_items_Wholemeal HTTP/1.1" 200 9825
WARNING 2025-07-04 17:46:18,438 log Not Found: /favicon.ico
WARNING 2025-07-04 17:46:18,439 basehttp "GET /favicon.ico HTTP/1.1" 404 2496
INFO 2025-07-04 17:47:16,902 autoreload E:\Development\BBB Sales Dashboard\breadbybike-dashboard\backend\sales\views.py changed, reloading.
INFO 2025-07-04 17:47:17,526 autoreload Watching for file changes with StatReloader
INFO 2025-07-04 17:47:20,925 views TriggerCalculationsView POST request received
DEBUG 2025-07-04 17:47:20,926 views Received location: Both, item_name: Wholemeal
INFO 2025-07-04 17:47:20,926 views Processing calculation for: Both_items_Wholemeal
DEBUG 2025-07-04 17:47:20,927 views Initialized stats dictionary
INFO 2025-07-04 17:47:20,928 basehttp "GET /api/order-stats/?locations=Both,Both_items_Wholemeal HTTP/1.1" 200 1348
INFO 2025-07-04 17:47:20,932 basehttp "GET /api/order-stats/?locations=Both,Both_items_Wholemeal HTTP/1.1" 200 1348
DEBUG 2025-07-04 17:47:20,942 views Found 2978 order lines and 9 daily orders
DEBUG 2025-07-04 17:47:20,950 views Calculating items stats from order lines
ERROR 2025-07-04 17:47:21,043 views Error processing Wholemeal: list index out of range
Traceback (most recent call last):
  File "E:\Development\BBB Sales Dashboard\breadbybike-dashboard\backend\sales\views.py", line 104, in post
    calc_items_stats(stats, order_lines)
    ~~~~~~~~~~~~~~~~^^^^^^^^^^^^^^^^^^^^
  File "E:\Development\BBB Sales Dashboard\breadbybike-dashboard\backend\sales\services\calc_functions.py", line 202, in calc_items_stats
    dictionary['period_graphs']['last_3_months']['daily_graph']['graph'][(days_ago - 1) if days_ago > 0 else 0] += order.quantity
    ~~~~~~~~~~~~~~~~~~~~~~~~~~~~~~~~~~~~~~~~~~~~~~~~~~~~~~~~~~~~~~~~~~~~^^^^^^^^^^^^^^^^^^^^^^^^^^^^^^^^^^^^^^^
IndexError: list index out of range
ERROR 2025-07-04 17:47:21,045 log Internal Server Error: /api/trigger-calculation/
ERROR 2025-07-04 17:47:21,046 basehttp "POST /api/trigger-calculation/ HTTP/1.1" 500 63
INFO 2025-07-04 17:47:54,972 basehttp "GET /api/order-stats/?locations=Both,Both_items_Wholemeal HTTP/1.1" 200 1348
INFO 2025-07-04 17:47:54,976 basehttp "GET /api/order-stats/?locations=Both,Both_items_Wholemeal HTTP/1.1" 200 1348
INFO 2025-07-04 17:49:47,171 autoreload E:\Development\BBB Sales Dashboard\breadbybike-dashboard\backend\sales\services\calc_functions.py changed, reloading.
INFO 2025-07-04 17:49:47,813 autoreload Watching for file changes with StatReloader
INFO 2025-07-04 17:49:51,247 views TriggerCalculationsView POST request received
DEBUG 2025-07-04 17:49:51,248 views Received location: Both, item_name: Wholemeal
INFO 2025-07-04 17:49:51,248 views Processing calculation for: Both_items_Wholemeal
DEBUG 2025-07-04 17:49:51,248 views Initialized stats dictionary
INFO 2025-07-04 17:49:51,249 basehttp "GET /api/order-stats/?locations=Both,Both_items_Wholemeal HTTP/1.1" 200 1348
INFO 2025-07-04 17:49:51,253 basehttp "GET /api/order-stats/?locations=Both,Both_items_Wholemeal HTTP/1.1" 200 1348
DEBUG 2025-07-04 17:49:51,261 views Found 2978 order lines and 9 daily orders
DEBUG 2025-07-04 17:49:51,270 views Calculating items stats from order lines
DEBUG 2025-07-04 17:49:51,362 calc_functions Starting calc_items_stats with 2978 records
DEBUG 2025-07-04 17:49:51,362 calc_functions Initialized helper dictionary
INFO 2025-07-04 17:49:51,365 calc_functions Successfully completed calc_items_stats
DEBUG 2025-07-04 17:49:51,365 views Calculating daily stats from daily orders
DEBUG 2025-07-04 17:49:51,366 views Validating stats structure
ERROR 2025-07-04 17:49:51,366 views Error processing Wholemeal: 'TriggerCalculationsView' object has no attribute '_validate_stats_structure'
Traceback (most recent call last):
  File "E:\Development\BBB Sales Dashboard\breadbybike-dashboard\backend\sales\views.py", line 112, in post
    self._validate_stats_structure(stats)
    ^^^^^^^^^^^^^^^^^^^^^^^^^^^^^^
AttributeError: 'TriggerCalculationsView' object has no attribute '_validate_stats_structure'
ERROR 2025-07-04 17:49:51,368 log Internal Server Error: /api/trigger-calculation/
ERROR 2025-07-04 17:49:51,368 basehttp "POST /api/trigger-calculation/ HTTP/1.1" 500 117
INFO 2025-07-04 17:50:16,650 basehttp "GET /api/order-stats/?locations=Both,Both_items_Wholemeal HTTP/1.1" 200 1348
INFO 2025-07-04 17:50:16,652 basehttp "GET /api/order-stats/?locations=Both,Both_items_Wholemeal HTTP/1.1" 200 1348
INFO 2025-07-04 17:51:42,853 autoreload E:\Development\BBB Sales Dashboard\breadbybike-dashboard\backend\sales\views.py changed, reloading.
INFO 2025-07-04 17:51:43,578 autoreload Watching for file changes with StatReloader
INFO 2025-07-04 17:51:46,642 views TriggerCalculationsView POST request received
DEBUG 2025-07-04 17:51:46,643 views Received location: Both, item_name: Wholemeal
INFO 2025-07-04 17:51:46,643 views Processing calculation for: Both_items_Wholemeal
DEBUG 2025-07-04 17:51:46,644 views Initialized stats dictionary
INFO 2025-07-04 17:51:46,645 basehttp "GET /api/order-stats/?locations=Both,Both_items_Wholemeal HTTP/1.1" 200 1348
INFO 2025-07-04 17:51:46,647 basehttp "GET /api/order-stats/?locations=Both,Both_items_Wholemeal HTTP/1.1" 200 1348
DEBUG 2025-07-04 17:51:46,656 views Found 2978 order lines and 9 daily orders
DEBUG 2025-07-04 17:51:46,665 views Calculating items stats from order lines
DEBUG 2025-07-04 17:51:46,751 calc_functions Starting calc_items_stats with 2978 records
DEBUG 2025-07-04 17:51:46,751 calc_functions Initialized helper dictionary
INFO 2025-07-04 17:51:46,753 calc_functions Successfully completed calc_items_stats
DEBUG 2025-07-04 17:51:46,754 views Calculating daily stats from daily orders
DEBUG 2025-07-04 17:51:46,754 views Validating stats structure
DEBUG 2025-07-04 17:51:46,755 views Stats serialized successfully
INFO 2025-07-04 17:51:46,759 views Successfully saved stats for Both_items_Wholemeal
INFO 2025-07-04 17:51:46,760 basehttp "POST /api/trigger-calculation/ HTTP/1.1" 200 55
INFO 2025-07-04 17:51:46,765 basehttp "GET /api/order-stats/?locations=Both,Both_items_Wholemeal HTTP/1.1" 200 3435
INFO 2025-07-04 17:51:46,778 basehttp "GET /api/order-stats/?locations=Both,Both_items_Wholemeal HTTP/1.1" 200 3435
INFO 2025-07-04 17:51:46,780 basehttp "GET /api/order-stats/?locations=Both,Both_items_Wholemeal HTTP/1.1" 200 3435
WARNING 2025-07-04 17:52:04,875 log Not Found: /api/order-stats/
WARNING 2025-07-04 17:52:04,875 basehttp "GET /api/order-stats/?locations=both,both_items_Wholemeal HTTP/1.1" 404 87
WARNING 2025-07-04 17:52:04,877 log Not Found: /api/order-stats/
WARNING 2025-07-04 17:52:04,877 basehttp "GET /api/order-stats/?locations=both,both_items_Wholemeal HTTP/1.1" 404 87
INFO 2025-07-04 17:52:07,855 basehttp "GET /api/square-catalog-items/ HTTP/1.1" 200 2758
WARNING 2025-07-04 17:52:10,145 log Not Found: /api/order-stats/
WARNING 2025-07-04 17:52:10,145 basehttp "GET /api/order-stats/?locations=both,both_items_Wholemeal HTTP/1.1" 404 87
WARNING 2025-07-04 17:52:10,147 log Not Found: /api/order-stats/
WARNING 2025-07-04 17:52:10,147 basehttp "GET /api/order-stats/?locations=both,both_items_Wholemeal HTTP/1.1" 404 87
INFO 2025-07-04 17:52:10,149 basehttp "GET /api/order-stats/?locations=Cafe,Cafe_items_Wholemeal HTTP/1.1" 200 1208
INFO 2025-07-04 17:52:10,700 basehttp "GET /api/square-catalog-items/ HTTP/1.1" 200 2758
INFO 2025-07-04 17:52:24,991 basehttp "GET /api/order-stats/?locations=Cafe,Cafe_items_Wholemeal HTTP/1.1" 200 1208
INFO 2025-07-04 17:52:24,993 basehttp "GET /api/order-stats/?locations=Cafe,Cafe_items_Wholemeal HTTP/1.1" 200 1208
INFO 2025-07-04 17:52:24,997 basehttp "GET /api/order-stats/?locations=Cafe,Cafe_items_Baguette HTTP/1.1" 200 1208
INFO 2025-07-04 17:52:25,822 views TriggerCalculationsView POST request received
DEBUG 2025-07-04 17:52:25,823 views Received location: Cafe, item_name: Baguette
INFO 2025-07-04 17:52:25,823 views Processing calculation for: Cafe_items_Baguette
DEBUG 2025-07-04 17:52:25,823 views Initialized stats dictionary
INFO 2025-07-04 17:52:25,827 basehttp "GET /api/order-stats/?locations=Cafe,Cafe_items_Baguette HTTP/1.1" 200 1208
INFO 2025-07-04 17:52:25,829 basehttp "GET /api/order-stats/?locations=Cafe,Cafe_items_Baguette HTTP/1.1" 200 1208
DEBUG 2025-07-04 17:52:25,834 views Found 7016 order lines and 24 daily orders
DEBUG 2025-07-04 17:52:25,835 views Calculating items stats from order lines
DEBUG 2025-07-04 17:52:25,901 calc_functions Starting calc_items_stats with 7016 records
DEBUG 2025-07-04 17:52:25,901 calc_functions Initialized helper dictionary
INFO 2025-07-04 17:52:25,906 calc_functions Successfully completed calc_items_stats
DEBUG 2025-07-04 17:52:25,907 views Calculating daily stats from daily orders
DEBUG 2025-07-04 17:52:25,907 views Validating stats structure
DEBUG 2025-07-04 17:52:25,907 views Stats serialized successfully
INFO 2025-07-04 17:52:25,912 views Successfully saved stats for Cafe_items_Baguette
INFO 2025-07-04 17:52:25,914 basehttp "POST /api/trigger-calculation/ HTTP/1.1" 200 54
INFO 2025-07-04 17:52:25,920 basehttp "GET /api/order-stats/?locations=Cafe,Cafe_items_Baguette HTTP/1.1" 200 3425
INFO 2025-07-04 17:52:25,932 basehttp "GET /api/order-stats/?locations=Cafe,Cafe_items_Baguette HTTP/1.1" 200 3425
INFO 2025-07-04 17:52:25,934 basehttp "GET /api/order-stats/?locations=Cafe,Cafe_items_Baguette HTTP/1.1" 200 3425
INFO 2025-07-04 17:52:32,436 basehttp "GET /api/order-stats/?locations=Cafe,Cafe_items_Baguette HTTP/1.1" 200 3425
INFO 2025-07-04 17:52:32,437 basehttp "GET /api/order-stats/?locations=Cafe,Cafe_items_Baguette HTTP/1.1" 200 3425
INFO 2025-07-04 17:52:32,440 basehttp "GET /api/order-stats/?locations=Bakery,Bakery_items_Baguette HTTP/1.1" 200 1242
INFO 2025-07-04 17:52:34,289 basehttp "GET /api/order-stats/?locations=Bakery,Bakery_items_Baguette HTTP/1.1" 200 1242
INFO 2025-07-04 17:52:34,290 basehttp "GET /api/order-stats/?locations=Bakery,Bakery_items_Baguette HTTP/1.1" 200 1242
INFO 2025-07-04 17:52:34,292 basehttp "GET /api/order-stats/?locations=Both,Both_items_Baguette HTTP/1.1" 200 1348
INFO 2025-07-04 17:53:57,078 autoreload E:\Development\BBB Sales Dashboard\breadbybike-dashboard\backend\sales\views.py changed, reloading.
INFO 2025-07-04 17:53:57,735 autoreload Watching for file changes with StatReloader
INFO 2025-07-04 17:55:24,814 autoreload E:\Development\BBB Sales Dashboard\breadbybike-dashboard\backend\sales\views.py changed, reloading.
INFO 2025-07-04 17:55:25,232 autoreload Watching for file changes with StatReloader
WARNING 2025-07-04 17:55:32,835 log Not Found: /api/order-stats/
WARNING 2025-07-04 17:55:32,836 basehttp "GET /api/order-stats/?locations=both,both_items_Wholemeal HTTP/1.1" 404 87
WARNING 2025-07-04 17:55:32,838 log Not Found: /api/order-stats/
WARNING 2025-07-04 17:55:32,838 basehttp "GET /api/order-stats/?locations=both,both_items_Wholemeal HTTP/1.1" 404 87
INFO 2025-07-04 17:55:35,652 basehttp "GET /api/square-catalog-items/ HTTP/1.1" 200 2758
INFO 2025-07-04 17:55:38,388 basehttp "GET /api/square-catalog-items/ HTTP/1.1" 200 2758
WARNING 2025-07-04 17:55:45,586 log Not Found: /api/order-stats/
WARNING 2025-07-04 17:55:45,587 basehttp "GET /api/order-stats/?locations=both,both_items_Wholemeal HTTP/1.1" 404 87
WARNING 2025-07-04 17:55:45,588 log Not Found: /api/order-stats/
WARNING 2025-07-04 17:55:45,589 basehttp "GET /api/order-stats/?locations=both,both_items_Wholemeal HTTP/1.1" 404 87
WARNING 2025-07-04 17:55:45,593 log Not Found: /api/order-stats/
WARNING 2025-07-04 17:55:45,594 basehttp "GET /api/order-stats/?locations=both,both_items_Cortado HTTP/1.1" 404 85
WARNING 2025-07-04 17:55:47,024 log Not Found: /api/order-stats/
WARNING 2025-07-04 17:55:47,024 basehttp "GET /api/order-stats/?locations=both,both_items_Cortado HTTP/1.1" 404 85
WARNING 2025-07-04 17:55:47,026 log Not Found: /api/order-stats/
INFO 2025-07-04 17:55:47,027 basehttp "GET /api/order-stats/?locations=Cafe,Cafe_items_Cortado HTTP/1.1" 200 1208
WARNING 2025-07-04 17:55:47,027 basehttp "GET /api/order-stats/?locations=both,both_items_Cortado HTTP/1.1" 404 85
INFO 2025-07-04 17:55:47,746 views TriggerCalculationsView POST request received
DEBUG 2025-07-04 17:55:47,746 views Received location: Cafe, item_name: Cortado
INFO 2025-07-04 17:55:47,746 views Processing calculation for: Cafe_items_Cortado
DEBUG 2025-07-04 17:55:47,746 views Initialized stats dictionary
INFO 2025-07-04 17:55:47,751 basehttp "GET /api/order-stats/?locations=Cafe,Cafe_items_Cortado HTTP/1.1" 200 1208
INFO 2025-07-04 17:55:47,753 basehttp "GET /api/order-stats/?locations=Cafe,Cafe_items_Cortado HTTP/1.1" 200 1208
DEBUG 2025-07-04 17:55:47,762 views Found 994 order lines and 2 daily orders
DEBUG 2025-07-04 17:55:47,763 views Calculating items stats from order lines
DEBUG 2025-07-04 17:55:47,790 calc_functions Starting calc_items_stats with 994 records
DEBUG 2025-07-04 17:55:47,790 calc_functions Initialized helper dictionary
INFO 2025-07-04 17:55:47,791 calc_functions Successfully completed calc_items_stats
DEBUG 2025-07-04 17:55:47,792 views Calculating daily stats from daily orders
DEBUG 2025-07-04 17:55:47,792 views Validating stats structure
DEBUG 2025-07-04 17:55:47,793 views Stats serialized successfully
INFO 2025-07-04 17:55:47,798 views Successfully saved stats for Cafe_items_Cortado
INFO 2025-07-04 17:55:47,799 basehttp "POST /api/trigger-calculation/ HTTP/1.1" 200 53
INFO 2025-07-04 17:55:47,805 basehttp "GET /api/order-stats/?locations=Cafe,Cafe_items_Cortado HTTP/1.1" 200 3285
INFO 2025-07-04 17:55:47,815 basehttp "GET /api/order-stats/?locations=Cafe,Cafe_items_Cortado HTTP/1.1" 200 3285
INFO 2025-07-04 17:55:47,817 basehttp "GET /api/order-stats/?locations=Cafe,Cafe_items_Cortado HTTP/1.1" 200 3285
INFO 2025-07-04 17:56:08,412 basehttp "GET /api/order-stats/?locations=Cafe,Cafe_items_Cortado HTTP/1.1" 200 3285
INFO 2025-07-04 17:56:08,413 basehttp "GET /api/order-stats/?locations=Bakery,Bakery_items_Cortado HTTP/1.1" 200 1242
INFO 2025-07-04 17:56:08,414 basehttp "GET /api/order-stats/?locations=Cafe,Cafe_items_Cortado HTTP/1.1" 200 3285
INFO 2025-07-04 18:00:37,377 autoreload E:\Development\BBB Sales Dashboard\breadbybike-dashboard\backend\sales\services\calc_functions.py changed, reloading.
INFO 2025-07-04 18:00:38,020 autoreload Watching for file changes with StatReloader
INFO 2025-07-04 18:02:57,073 autoreload E:\Development\BBB Sales Dashboard\breadbybike-dashboard\backend\sales\views.py changed, reloading.
INFO 2025-07-04 18:02:57,707 autoreload Watching for file changes with StatReloader
INFO 2025-07-04 18:10:21,073 autoreload E:\Development\BBB Sales Dashboard\breadbybike-dashboard\backend\sales\views.py changed, reloading.
INFO 2025-07-04 18:10:21,674 autoreload Watching for file changes with StatReloader
INFO 2025-07-04 18:10:24,376 basehttp "GET /api/order-stats/?locations=Bakery,Bakery_items_Cortado HTTP/1.1" 200 1242
INFO 2025-07-04 18:10:24,376 basehttp "GET /api/order-stats/?locations=Bakery,Bakery_items_Chai%20Latte HTTP/1.1" 200 1242
INFO 2025-07-04 18:10:24,378 basehttp "GET /api/order-stats/?locations=Bakery,Bakery_items_Cortado HTTP/1.1" 200 1242
INFO 2025-07-04 18:10:24,819 views TriggerCalculationsView POST request received
DEBUG 2025-07-04 18:10:24,820 views Received location: Bakery, item_name: Chai Latte
INFO 2025-07-04 18:10:24,820 views Processing calculation for: Bakery_items_Chai Latte
DEBUG 2025-07-04 18:10:24,820 views Initialized stats dictionary
INFO 2025-07-04 18:10:24,824 basehttp "GET /api/order-stats/?locations=Bakery,Bakery_items_Chai%20Latte HTTP/1.1" 200 1242
INFO 2025-07-04 18:10:24,826 basehttp "GET /api/order-stats/?locations=Bakery,Bakery_items_Chai%20Latte HTTP/1.1" 200 1242
DEBUG 2025-07-04 18:10:24,857 views Calculating items stats from order lines
DEBUG 2025-07-04 18:10:24,911 views Calculating daily stats from daily orders
INFO 2025-07-04 18:10:24,924 views Successfully saved stats for Bakery_items_Chai Latte
INFO 2025-07-04 18:10:24,925 basehttp "POST /api/trigger-calculation/ HTTP/1.1" 200 58
INFO 2025-07-04 18:10:24,930 basehttp "GET /api/order-stats/?locations=Bakery,Bakery_items_Chai%20Latte HTTP/1.1" 200 3309
INFO 2025-07-04 18:10:24,941 basehttp "GET /api/order-stats/?locations=Bakery,Bakery_items_Chai%20Latte HTTP/1.1" 200 3309
INFO 2025-07-04 18:10:24,943 basehttp "GET /api/order-stats/?locations=Bakery,Bakery_items_Chai%20Latte HTTP/1.1" 200 3309
INFO 2025-07-04 18:10:26,724 basehttp "GET /api/order-stats/?locations=Bakery,Bakery_items_Chai%20Latte HTTP/1.1" 200 3309
INFO 2025-07-04 18:10:26,724 basehttp "GET /api/order-stats/?locations=Both,Both_items_Chai%20Latte HTTP/1.1" 200 3411
INFO 2025-07-04 18:10:26,725 basehttp "GET /api/order-stats/?locations=Bakery,Bakery_items_Chai%20Latte HTTP/1.1" 200 3309
INFO 2025-07-04 18:10:28,269 basehttp "GET /api/order-stats/?locations=Both,Both_items_Chai%20Latte HTTP/1.1" 200 3411
INFO 2025-07-04 18:10:28,271 basehttp "GET /api/order-stats/?locations=Both,Both_items_Chai%20Latte HTTP/1.1" 200 3411
INFO 2025-07-04 18:10:28,272 basehttp "GET /api/order-stats/?locations=Cafe,Cafe_items_Chai%20Latte HTTP/1.1" 200 3274
INFO 2025-07-04 18:12:13,159 basehttp "GET /api/order-stats/?locations=Cafe,Cafe_items_Chai%20Latte HTTP/1.1" 200 3274
INFO 2025-07-04 18:12:13,161 basehttp "GET /api/order-stats/?locations=Cafe,Cafe_items_Chai%20Latte HTTP/1.1" 200 3274
INFO 2025-07-04 18:12:13,162 basehttp "GET /api/order-stats/?locations=Cafe,Cafe_items_Carrot%20Cake HTTP/1.1" 200 1208
INFO 2025-07-04 18:12:15,402 basehttp "GET /api/order-stats/?locations=Cafe,Cafe_items_Carrot%20Cake HTTP/1.1" 200 1208
INFO 2025-07-04 18:12:15,404 basehttp "GET /api/order-stats/?locations=Cafe,Cafe_items_Carrot%20Cake HTTP/1.1" 200 1208
INFO 2025-07-04 18:12:15,410 basehttp "GET /api/order-stats/?locations=Cafe,Cafe_items_Chai%20Latte HTTP/1.1" 200 3274
INFO 2025-07-04 18:12:25,608 basehttp "GET /api/order-stats/?locations=Cafe,Cafe_items_Chai%20Latte HTTP/1.1" 200 3274
INFO 2025-07-04 18:12:25,610 basehttp "GET /api/order-stats/?locations=Cafe,Cafe_items_Chai%20Latte HTTP/1.1" 200 3274
INFO 2025-07-04 18:12:25,616 basehttp "GET /api/order-stats/?locations=Cafe,Cafe_items_Cinnamon HTTP/1.1" 200 3289
INFO 2025-07-04 18:12:27,017 views TriggerCalculationsView POST request received
DEBUG 2025-07-04 18:12:27,017 views Received location: Cafe, item_name: Cinnamon
INFO 2025-07-04 18:12:27,017 views Processing calculation for: Cafe_items_Cinnamon
DEBUG 2025-07-04 18:12:27,017 views Initialized stats dictionary
INFO 2025-07-04 18:12:27,021 basehttp "GET /api/order-stats/?locations=Cafe,Cafe_items_Cinnamon HTTP/1.1" 200 3289
INFO 2025-07-04 18:12:27,022 basehttp "GET /api/order-stats/?locations=Cafe,Cafe_items_Cinnamon HTTP/1.1" 200 3289
DEBUG 2025-07-04 18:12:27,061 views Calculating items stats from order lines
DEBUG 2025-07-04 18:12:27,175 views Calculating daily stats from daily orders
INFO 2025-07-04 18:12:27,191 views Successfully saved stats for Cafe_items_Cinnamon
INFO 2025-07-04 18:12:27,193 basehttp "POST /api/trigger-calculation/ HTTP/1.1" 200 54
INFO 2025-07-04 18:12:27,200 basehttp "GET /api/order-stats/?locations=Cafe,Cafe_items_Cinnamon HTTP/1.1" 200 3294
INFO 2025-07-04 18:12:27,210 basehttp "GET /api/order-stats/?locations=Cafe,Cafe_items_Cinnamon HTTP/1.1" 200 3294
INFO 2025-07-04 18:12:27,212 basehttp "GET /api/order-stats/?locations=Cafe,Cafe_items_Cinnamon HTTP/1.1" 200 3294
INFO 2025-07-04 18:12:29,273 basehttp "GET /api/order-stats/?locations=Bakery,Bakery_items_Cinnamon HTTP/1.1" 200 3475
INFO 2025-07-04 18:12:29,273 basehttp "GET /api/order-stats/?locations=Cafe,Cafe_items_Cinnamon HTTP/1.1" 200 3294
INFO 2025-07-04 18:12:29,275 basehttp "GET /api/order-stats/?locations=Cafe,Cafe_items_Cinnamon HTTP/1.1" 200 3294
INFO 2025-07-04 18:12:30,719 basehttp "GET /api/order-stats/?locations=Both,Both_items_Cinnamon HTTP/1.1" 200 3584
INFO 2025-07-04 18:12:30,720 basehttp "GET /api/order-stats/?locations=Bakery,Bakery_items_Cinnamon HTTP/1.1" 200 3475
INFO 2025-07-04 18:12:30,722 basehttp "GET /api/order-stats/?locations=Bakery,Bakery_items_Cinnamon HTTP/1.1" 200 3475
INFO 2025-07-04 18:14:49,180 basehttp "GET /api/order-stats/?locations=Both HTTP/1.1" 200 1348
INFO 2025-07-04 18:14:49,183 basehttp "GET /api/order-stats/?locations=Both HTTP/1.1" 200 1348
INFO 2025-07-04 18:23:05,560 autoreload Watching for file changes with StatReloader
INFO 2025-07-04 18:23:15,374 basehttp "GET /api/order-stats/?locations=Cafe HTTP/1.1" 200 1208
INFO 2025-07-04 18:23:33,537 basehttp "GET /api/order-stats/?locations=Bakery HTTP/1.1" 200 1242
INFO 2025-07-04 18:34:05,041 autoreload Watching for file changes with StatReloader
INFO 2025-07-04 18:34:08,799 basehttp "GET /api/order-stats/?locations=Cafe HTTP/1.1" 200 1312
INFO 2025-07-04 18:34:24,900 basehttp "GET /api/order-stats/?locations=Both HTTP/1.1" 200 1350
INFO 2025-07-04 18:36:07,820 autoreload Watching for file changes with StatReloader
INFO 2025-07-04 18:36:13,455 basehttp "GET /api/order-stats/?locations=Both HTTP/1.1" 200 1348
INFO 2025-07-04 18:36:13,457 basehttp "GET /api/order-stats/?locations=Both HTTP/1.1" 200 1348
INFO 2025-07-04 18:43:38,084 autoreload Watching for file changes with StatReloader
INFO 2025-07-04 18:43:41,867 basehttp "GET /api/order-stats/?locations=Cafe HTTP/1.1" 200 1323
INFO 2025-07-04 18:44:01,707 basehttp "GET /api/order-stats/?locations=Bakery HTTP/1.1" 200 1355
INFO 2025-07-04 18:45:55,369 autoreload Watching for file changes with StatReloader
INFO 2025-07-04 18:45:59,311 basehttp "GET /api/order-stats/?locations=Cafe HTTP/1.1" 200 1314
INFO 2025-07-04 18:46:24,479 basehttp "GET /api/order-stats/?locations=Bakery HTTP/1.1" 200 1352
INFO 2025-07-04 18:47:53,557 autoreload E:\Development\BBB Sales Dashboard\breadbybike-dashboard\backend\sales\services\calc_functions.py changed, reloading.
INFO 2025-07-04 18:47:54,169 autoreload Watching for file changes with StatReloader
INFO 2025-07-04 18:49:41,815 autoreload E:\Development\BBB Sales Dashboard\breadbybike-dashboard\backend\sales\services\calc_functions.py changed, reloading.
INFO 2025-07-04 18:49:42,425 autoreload Watching for file changes with StatReloader
INFO 2025-07-04 18:58:22,567 autoreload Watching for file changes with StatReloader
INFO 2025-07-04 18:58:26,482 basehttp "GET /api/order-stats/?locations=Both HTTP/1.1" 200 1360
INFO 2025-07-04 18:58:26,485 basehttp "GET /api/order-stats/?locations=Both HTTP/1.1" 200 1360
INFO 2025-07-04 18:59:57,772 autoreload E:\Development\BBB Sales Dashboard\breadbybike-dashboard\backend\sales\services\calc_functions.py changed, reloading.
INFO 2025-07-04 18:59:58,398 autoreload Watching for file changes with StatReloader
INFO 2025-07-04 19:00:14,912 autoreload Watching for file changes with StatReloader
INFO 2025-07-04 19:00:18,788 basehttp "GET /api/order-stats/?locations=Both HTTP/1.1" 200 1472
INFO 2025-07-04 19:00:18,790 basehttp "GET /api/order-stats/?locations=Both HTTP/1.1" 200 1472
WARNING 2025-07-04 19:00:49,750 log Not Found: /api/order-stats/
WARNING 2025-07-04 19:00:49,750 basehttp "GET /api/order-stats/?locations=both,both_items_Wholemeal HTTP/1.1" 404 87
WARNING 2025-07-04 19:00:49,753 log Not Found: /api/order-stats/
WARNING 2025-07-04 19:00:49,753 basehttp "GET /api/order-stats/?locations=both,both_items_Wholemeal HTTP/1.1" 404 87
INFO 2025-07-04 19:00:52,585 basehttp "GET /api/square-catalog-items/ HTTP/1.1" 200 2758
INFO 2025-07-04 19:00:55,505 basehttp "GET /api/square-catalog-items/ HTTP/1.1" 200 2758
WARNING 2025-07-04 19:01:02,355 log Not Found: /api/order-stats/
WARNING 2025-07-04 19:01:02,356 basehttp "GET /api/order-stats/?locations=both,both_items_Wholemeal HTTP/1.1" 404 87
WARNING 2025-07-04 19:01:02,357 log Not Found: /api/order-stats/
WARNING 2025-07-04 19:01:02,357 basehttp "GET /api/order-stats/?locations=both,both_items_Wholemeal HTTP/1.1" 404 87
WARNING 2025-07-04 19:01:02,365 log Not Found: /api/order-stats/
WARNING 2025-07-04 19:01:02,365 basehttp "GET /api/order-stats/?locations=both,both_items_Cinnamon HTTP/1.1" 404 86
INFO 2025-07-04 19:01:03,183 views TriggerCalculationsView POST request received
DEBUG 2025-07-04 19:01:03,184 views Received location: both, item_name: Cinnamon
WARNING 2025-07-04 19:01:03,184 views Invalid location provided: both
WARNING 2025-07-04 19:01:03,184 log Bad Request: /api/trigger-calculation/
WARNING 2025-07-04 19:01:03,184 basehttp "POST /api/trigger-calculation/ HTTP/1.1" 400 28
WARNING 2025-07-04 19:01:03,188 log Not Found: /api/order-stats/
WARNING 2025-07-04 19:01:03,188 basehttp "GET /api/order-stats/?locations=both,both_items_Cinnamon HTTP/1.1" 404 86
WARNING 2025-07-04 19:01:03,190 log Not Found: /api/order-stats/
WARNING 2025-07-04 19:01:03,190 basehttp "GET /api/order-stats/?locations=both,both_items_Cinnamon HTTP/1.1" 404 86
WARNING 2025-07-04 19:01:04,496 log Not Found: /api/order-stats/
WARNING 2025-07-04 19:01:04,496 basehttp "GET /api/order-stats/?locations=both,both_items_Cinnamon HTTP/1.1" 404 86
WARNING 2025-07-04 19:01:04,497 log Not Found: /api/order-stats/
WARNING 2025-07-04 19:01:04,498 basehttp "GET /api/order-stats/?locations=both,both_items_Cinnamon HTTP/1.1" 404 86
INFO 2025-07-04 19:01:05,233 views TriggerCalculationsView POST request received
DEBUG 2025-07-04 19:01:05,234 views Received location: both, item_name: Cinnamon
WARNING 2025-07-04 19:01:05,234 views Invalid location provided: both
WARNING 2025-07-04 19:01:05,234 log Bad Request: /api/trigger-calculation/
WARNING 2025-07-04 19:01:05,234 basehttp "POST /api/trigger-calculation/ HTTP/1.1" 400 28
WARNING 2025-07-04 19:01:05,239 log Not Found: /api/order-stats/
WARNING 2025-07-04 19:01:05,239 basehttp "GET /api/order-stats/?locations=both,both_items_Cinnamon HTTP/1.1" 404 86
WARNING 2025-07-04 19:01:05,240 log Not Found: /api/order-stats/
WARNING 2025-07-04 19:01:05,240 basehttp "GET /api/order-stats/?locations=both,both_items_Cinnamon HTTP/1.1" 404 86
WARNING 2025-07-04 19:01:06,082 log Not Found: /api/order-stats/
WARNING 2025-07-04 19:01:06,082 basehttp "GET /api/order-stats/?locations=both,both_items_Cinnamon HTTP/1.1" 404 86
WARNING 2025-07-04 19:01:06,083 log Not Found: /api/order-stats/
WARNING 2025-07-04 19:01:06,084 basehttp "GET /api/order-stats/?locations=both,both_items_Cinnamon HTTP/1.1" 404 86
INFO 2025-07-04 19:01:48,434 basehttp "GET /api/order-stats/?locations=Both HTTP/1.1" 200 1472
INFO 2025-07-04 19:01:48,436 basehttp "GET /api/order-stats/?locations=Both HTTP/1.1" 200 1472
WARNING 2025-07-04 19:01:49,053 log Not Found: /api/order-stats/
WARNING 2025-07-04 19:01:49,053 basehttp "GET /api/order-stats/?locations=both,both_items_Wholemeal HTTP/1.1" 404 87
WARNING 2025-07-04 19:01:49,056 log Not Found: /api/order-stats/
WARNING 2025-07-04 19:01:49,057 basehttp "GET /api/order-stats/?locations=both,both_items_Wholemeal HTTP/1.1" 404 87
INFO 2025-07-04 19:01:52,169 basehttp "GET /api/square-catalog-items/ HTTP/1.1" 200 2758
INFO 2025-07-04 19:01:55,333 basehttp "GET /api/square-catalog-items/ HTTP/1.1" 200 2758
WARNING 2025-07-04 19:02:12,924 log Not Found: /api/order-stats/
WARNING 2025-07-04 19:02:12,924 basehttp "GET /api/order-stats/?locations=both,both_items_Wholemeal HTTP/1.1" 404 87
WARNING 2025-07-04 19:02:12,926 log Not Found: /api/order-stats/
WARNING 2025-07-04 19:02:12,926 basehttp "GET /api/order-stats/?locations=both,both_items_Wholemeal HTTP/1.1" 404 87
WARNING 2025-07-04 19:02:12,929 log Not Found: /api/order-stats/
WARNING 2025-07-04 19:02:12,929 basehttp "GET /api/order-stats/?locations=both,both_items_Tom%20&%20Taleggio%20Danish HTTP/1.1" 404 81
WARNING 2025-07-04 19:02:15,349 log Not Found: /api/order-stats/
WARNING 2025-07-04 19:02:15,350 basehttp "GET /api/order-stats/?locations=both,both_items_Tom%20&%20Taleggio%20Danish HTTP/1.1" 404 81
WARNING 2025-07-04 19:02:15,351 log Not Found: /api/order-stats/
WARNING 2025-07-04 19:02:15,352 log Not Found: /api/order-stats/
WARNING 2025-07-04 19:02:15,352 basehttp "GET /api/order-stats/?locations=both,both_items_Tea HTTP/1.1" 404 81
WARNING 2025-07-04 19:02:15,352 basehttp "GET /api/order-stats/?locations=both,both_items_Tom%20&%20Taleggio%20Danish HTTP/1.1" 404 81
INFO 2025-07-04 19:02:15,764 views TriggerCalculationsView POST request received
DEBUG 2025-07-04 19:02:15,765 views Received location: both, item_name: Tea
WARNING 2025-07-04 19:02:15,765 views Invalid location provided: both
WARNING 2025-07-04 19:02:15,765 log Bad Request: /api/trigger-calculation/
WARNING 2025-07-04 19:02:15,765 basehttp "POST /api/trigger-calculation/ HTTP/1.1" 400 28
WARNING 2025-07-04 19:02:15,772 log Not Found: /api/order-stats/
WARNING 2025-07-04 19:02:15,773 basehttp "GET /api/order-stats/?locations=both,both_items_Tea HTTP/1.1" 404 81
WARNING 2025-07-04 19:02:15,774 log Not Found: /api/order-stats/
WARNING 2025-07-04 19:02:15,775 basehttp "GET /api/order-stats/?locations=both,both_items_Tea HTTP/1.1" 404 81
WARNING 2025-07-04 19:02:19,124 log Not Found: /api/order-stats/
WARNING 2025-07-04 19:02:19,124 basehttp "GET /api/order-stats/?locations=both,both_items_Tea HTTP/1.1" 404 81
WARNING 2025-07-04 19:02:19,126 log Not Found: /api/order-stats/
WARNING 2025-07-04 19:02:19,126 basehttp "GET /api/order-stats/?locations=both,both_items_Tea HTTP/1.1" 404 81
INFO 2025-07-04 19:03:29,738 basehttp "GET /api/order-stats/?locations=Both,Both_items_Wholemeal HTTP/1.1" 200 1472
INFO 2025-07-04 19:03:32,988 basehttp "GET /api/square-catalog-items/ HTTP/1.1" 200 2758
INFO 2025-07-04 19:03:36,772 basehttp "GET /api/order-stats/?locations=Both,Both_items_Wholemeal HTTP/1.1" 200 1472
INFO 2025-07-04 19:03:36,774 basehttp "GET /api/order-stats/?locations=Both,Both_items_Wholemeal HTTP/1.1" 200 1472
INFO 2025-07-04 19:03:36,776 basehttp "GET /api/order-stats/?locations=Both,Both_items_Vg%20Muffin HTTP/1.1" 200 1472
INFO 2025-07-04 19:03:37,384 views TriggerCalculationsView POST request received
DEBUG 2025-07-04 19:03:37,384 views Received location: Both, item_name: Vg Muffin
INFO 2025-07-04 19:03:37,384 views Processing calculation for: Both_items_Vg Muffin
DEBUG 2025-07-04 19:03:37,384 views Initialized stats dictionary
INFO 2025-07-04 19:03:37,389 basehttp "GET /api/order-stats/?locations=Both,Both_items_Vg%20Muffin HTTP/1.1" 200 1472
INFO 2025-07-04 19:03:37,391 basehttp "GET /api/order-stats/?locations=Both,Both_items_Vg%20Muffin HTTP/1.1" 200 1472
DEBUG 2025-07-04 19:03:37,422 views Calculating items stats from order lines
INFO 2025-07-04 19:03:37,488 views Successfully saved stats for Both_items_Vg Muffin
INFO 2025-07-04 19:03:37,489 basehttp "POST /api/trigger-calculation/ HTTP/1.1" 200 55
INFO 2025-07-04 19:03:37,494 basehttp "GET /api/order-stats/?locations=Both,Both_items_Vg%20Muffin HTTP/1.1" 200 3534
INFO 2025-07-04 19:03:37,507 basehttp "GET /api/order-stats/?locations=Both,Both_items_Vg%20Muffin HTTP/1.1" 200 3534
INFO 2025-07-04 19:03:37,509 basehttp "GET /api/order-stats/?locations=Both,Both_items_Vg%20Muffin HTTP/1.1" 200 3534
INFO 2025-07-04 19:03:46,256 basehttp "GET /api/order-stats/?locations=Both,Both_items_Cinnamon HTTP/1.1" 200 3709
INFO 2025-07-04 19:03:49,265 basehttp "GET /api/square-catalog-items/ HTTP/1.1" 200 2758
INFO 2025-07-04 19:04:51,490 autoreload E:\Development\BBB Sales Dashboard\breadbybike-dashboard\backend\sales\services\calc_functions.py changed, reloading.
INFO 2025-07-04 19:04:52,124 autoreload Watching for file changes with StatReloader
INFO 2025-07-09 18:09:32,574 autoreload Watching for file changes with StatReloader
INFO 2025-07-09 18:31:18,291 autoreload E:\Development\BBB Sales Dashboard\breadbybike-dashboard\backend\sales\static\stats_schema_home.py changed, reloading.
INFO 2025-07-09 18:31:18,931 autoreload Watching for file changes with StatReloader
INFO 2025-07-09 18:31:37,584 autoreload E:\Development\BBB Sales Dashboard\breadbybike-dashboard\backend\sales\services\calc_functions.py changed, reloading.
INFO 2025-07-09 18:31:38,255 autoreload Watching for file changes with StatReloader
INFO 2025-07-09 18:33:02,884 autoreload E:\Development\BBB Sales Dashboard\breadbybike-dashboard\backend\sales\services\calc_functions.py changed, reloading.
INFO 2025-07-09 18:33:03,568 autoreload Watching for file changes with StatReloader
INFO 2025-07-09 18:34:00,312 autoreload Watching for file changes with StatReloader
INFO 2025-07-09 18:39:09,055 basehttp "GET / HTTP/1.1" 200 18
WARNING 2025-07-09 18:39:09,440 log Not Found: /favicon.ico
WARNING 2025-07-09 18:39:09,440 basehttp "GET /favicon.ico HTTP/1.1" 404 2496
INFO 2025-07-09 18:44:49,610 basehttp "GET /api/order-stats/?locations=Both HTTP/1.1" 200 1349
INFO 2025-07-09 18:44:49,612 basehttp "GET /api/order-stats/?locations=Both HTTP/1.1" 200 1349
INFO 2025-07-09 18:46:51,317 basehttp "GET /api/order-stats/?locations=Both HTTP/1.1" 200 1349
INFO 2025-07-09 18:46:51,320 basehttp "GET /api/order-stats/?locations=Both HTTP/1.1" 200 1349
INFO 2025-07-09 18:48:20,078 basehttp "GET /api/order-stats/?locations=Both HTTP/1.1" 200 1349
INFO 2025-07-09 18:48:20,081 basehttp "GET /api/order-stats/?locations=Both HTTP/1.1" 200 1349
INFO 2025-07-09 18:56:24,519 basehttp "GET /api/order-stats/?locations=Cafe HTTP/1.1" 200 1307
INFO 2025-07-09 18:56:25,970 basehttp "GET /api/order-stats/?locations=Bakery HTTP/1.1" 200 1352
INFO 2025-07-09 18:56:27,683 basehttp "GET /api/order-stats/?locations=Cafe HTTP/1.1" 200 1307
INFO 2025-07-09 18:56:29,039 basehttp "GET /api/order-stats/?locations=Bakery HTTP/1.1" 200 1352
INFO 2025-07-09 18:56:33,360 basehttp "GET /api/order-stats/?locations=Cafe HTTP/1.1" 200 1307
INFO 2025-07-09 18:56:35,214 basehttp "GET /api/order-stats/?locations=Both HTTP/1.1" 200 1349
INFO 2025-07-09 18:56:36,793 basehttp "GET /api/order-stats/?locations=Cafe HTTP/1.1" 200 1307
INFO 2025-07-09 18:56:38,550 basehttp "GET /api/order-stats/?locations=Bakery HTTP/1.1" 200 1352
INFO 2025-07-09 18:56:47,632 basehttp "GET /api/order-stats/?locations=Both HTTP/1.1" 200 1349
INFO 2025-07-09 19:13:26,452 basehttp "GET /api/order-stats/?locations=Bakery HTTP/1.1" 200 1352
INFO 2025-07-09 19:13:28,466 basehttp "GET /api/order-stats/?locations=Cafe HTTP/1.1" 200 1307
INFO 2025-07-09 19:13:31,622 basehttp "GET /api/order-stats/?locations=Bakery HTTP/1.1" 200 1352
INFO 2025-07-09 19:13:43,666 basehttp "GET /api/order-stats/?locations=Both HTTP/1.1" 200 1349
INFO 2025-07-09 20:01:24,130 basehttp "GET /api/order-stats/?locations=Both,Both_items_Cinnamon HTTP/1.1" 200 3573
INFO 2025-07-09 20:01:24,133 basehttp "GET /api/order-stats/?locations=Both,Both_items_Cinnamon HTTP/1.1" 200 3573
INFO 2025-07-09 20:01:25,690 basehttp "GET /api/order-stats/?locations=Both HTTP/1.1" 200 1349
INFO 2025-07-09 20:01:25,824 basehttp "GET /api/order-stats/?locations=Both HTTP/1.1" 200 1349
INFO 2025-07-09 20:01:27,904 basehttp "GET /api/order-stats/?locations=Cafe HTTP/1.1" 200 1307
INFO 2025-07-09 20:01:27,904 basehttp "GET /api/square-catalog-items/ HTTP/1.1" 200 2737
INFO 2025-07-09 20:01:29,440 basehttp "GET /api/order-stats/?locations=Bakery HTTP/1.1" 200 1352
INFO 2025-07-09 20:01:30,879 basehttp "GET /api/square-catalog-items/ HTTP/1.1" 200 2737
INFO 2025-07-09 20:01:30,880 basehttp "GET /api/order-stats/?locations=Cafe HTTP/1.1" 200 1307
INFO 2025-07-09 20:01:31,493 basehttp "GET /api/order-stats/?locations=Both HTTP/1.1" 200 1349
INFO 2025-07-09 20:03:31,346 basehttp "GET /api/order-stats/?locations=Cafe HTTP/1.1" 200 1307
INFO 2025-07-09 20:03:32,524 basehttp "GET /api/order-stats/?locations=Both HTTP/1.1" 200 1349
INFO 2025-07-09 20:06:12,489 basehttp "GET /api/order-stats/?locations=Both,Both_items_Cinnamon HTTP/1.1" 200 3573
INFO 2025-07-09 20:06:12,491 basehttp "GET /api/order-stats/?locations=Both,Both_items_Cinnamon HTTP/1.1" 200 3573
INFO 2025-07-09 20:06:15,391 basehttp "GET /api/square-catalog-items/ HTTP/1.1" 200 2737
INFO 2025-07-09 20:06:18,180 basehttp "GET /api/square-catalog-items/ HTTP/1.1" 200 2737
INFO 2025-07-09 20:06:22,146 basehttp "GET /api/order-stats/?locations=Both,Both_items_Cinnamon HTTP/1.1" 200 3573
INFO 2025-07-09 20:06:22,149 basehttp "GET /api/order-stats/?locations=Both,Both_items_Cinnamon HTTP/1.1" 200 3573
INFO 2025-07-09 20:06:22,154 basehttp "GET /api/order-stats/?locations=Both,Both_items_Cappuccino HTTP/1.1" 200 1349
INFO 2025-07-09 20:06:23,224 basehttp "OPTIONS /api/trigger-calculation/ HTTP/1.1" 200 0
INFO 2025-07-09 20:06:23,227 views TriggerCalculationsView POST request received
DEBUG 2025-07-09 20:06:23,227 views Received location: Both, item_name: Cappuccino
INFO 2025-07-09 20:06:23,228 views Processing calculation for: Both_items_Cappuccino
DEBUG 2025-07-09 20:06:23,228 views Initialized stats dictionary
INFO 2025-07-09 20:06:23,230 basehttp "GET /api/order-stats/?locations=Both,Both_items_Cappuccino HTTP/1.1" 200 1349
INFO 2025-07-09 20:06:23,232 basehttp "GET /api/order-stats/?locations=Both,Both_items_Cappuccino HTTP/1.1" 200 1349
DEBUG 2025-07-09 20:06:23,270 views Calculating items stats from order lines
DEBUG 2025-07-09 20:06:23,351 views Calculating daily stats from daily orders
INFO 2025-07-09 20:06:23,367 views Successfully saved stats for Both_items_Cappuccino
INFO 2025-07-09 20:06:23,368 basehttp "POST /api/trigger-calculation/ HTTP/1.1" 200 56
INFO 2025-07-09 20:06:23,374 basehttp "GET /api/order-stats/?locations=Both,Both_items_Cappuccino HTTP/1.1" 200 3535
INFO 2025-07-09 20:06:23,383 basehttp "GET /api/order-stats/?locations=Both,Both_items_Cappuccino HTTP/1.1" 200 3535
INFO 2025-07-09 20:06:23,385 basehttp "GET /api/order-stats/?locations=Both,Both_items_Cappuccino HTTP/1.1" 200 3535
INFO 2025-07-09 20:06:25,782 basehttp "GET /api/order-stats/?locations=Both,Both_items_Cappuccino HTTP/1.1" 200 3535
INFO 2025-07-09 20:06:25,785 basehttp "GET /api/order-stats/?locations=Cafe,Cafe_items_Cappuccino HTTP/1.1" 200 3405
INFO 2025-07-09 20:06:25,785 basehttp "GET /api/order-stats/?locations=Both,Both_items_Cappuccino HTTP/1.1" 200 3535
INFO 2025-07-09 20:06:26,995 basehttp "GET /api/order-stats/?locations=Cafe,Cafe_items_Cappuccino HTTP/1.1" 200 3405
INFO 2025-07-09 20:06:26,998 basehttp "GET /api/order-stats/?locations=Bakery,Bakery_items_Cappuccino HTTP/1.1" 200 3499
INFO 2025-07-09 20:06:26,998 basehttp "GET /api/order-stats/?locations=Cafe,Cafe_items_Cappuccino HTTP/1.1" 200 3405
INFO 2025-07-09 20:06:27,998 basehttp "GET /api/order-stats/?locations=Bakery,Bakery_items_Cappuccino HTTP/1.1" 200 3499
INFO 2025-07-09 20:06:28,000 basehttp "GET /api/order-stats/?locations=Bakery,Bakery_items_Cappuccino HTTP/1.1" 200 3499
INFO 2025-07-09 20:06:28,003 basehttp "GET /api/order-stats/?locations=Both,Both_items_Cappuccino HTTP/1.1" 200 3535
INFO 2025-07-09 20:06:28,859 basehttp "GET /api/order-stats/?locations=Both HTTP/1.1" 200 1349
INFO 2025-07-09 20:06:28,861 basehttp "GET /api/order-stats/?locations=Both HTTP/1.1" 200 1349
INFO 2025-07-09 20:06:41,976 basehttp "GET /api/order-stats/?locations=Both HTTP/1.1" 200 1349
INFO 2025-07-09 20:06:41,978 basehttp "GET /api/order-stats/?locations=Both HTTP/1.1" 200 1349
INFO 2025-07-09 20:06:42,428 basehttp "GET /api/order-stats/?locations=Both,Both_items_Cinnamon HTTP/1.1" 200 3573
INFO 2025-07-09 20:06:42,430 basehttp "GET /api/order-stats/?locations=Both,Both_items_Cinnamon HTTP/1.1" 200 3573
INFO 2025-07-09 20:06:42,780 basehttp "GET /api/order-stats/?locations=Both HTTP/1.1" 200 1349
INFO 2025-07-09 20:06:42,782 basehttp "GET /api/order-stats/?locations=Both HTTP/1.1" 200 1349
INFO 2025-07-09 20:06:44,604 basehttp "GET /api/order-stats/?locations=Both,Both_items_Cinnamon HTTP/1.1" 200 3573
INFO 2025-07-09 20:06:44,606 basehttp "GET /api/order-stats/?locations=Both,Both_items_Cinnamon HTTP/1.1" 200 3573
INFO 2025-07-09 20:06:44,775 basehttp "GET /api/order-stats/?locations=Both HTTP/1.1" 200 1349
INFO 2025-07-09 20:06:44,777 basehttp "GET /api/order-stats/?locations=Both HTTP/1.1" 200 1349
INFO 2025-07-09 20:06:45,325 basehttp "GET /api/square-catalog-items/ HTTP/1.1" 200 2737
INFO 2025-07-09 20:06:48,265 basehttp "GET /api/square-catalog-items/ HTTP/1.1" 200 2737
INFO 2025-07-09 20:06:51,341 basehttp "GET /api/square-catalog-items/ HTTP/1.1" 200 2737
INFO 2025-07-09 20:06:54,587 basehttp "GET /api/square-catalog-items/ HTTP/1.1" 200 2737
INFO 2025-07-09 20:07:32,055 basehttp "GET /api/order-stats/?locations=Cafe HTTP/1.1" 200 1307
INFO 2025-07-09 20:07:33,052 basehttp "GET /api/order-stats/?locations=Bakery HTTP/1.1" 200 1352
INFO 2025-07-09 20:07:33,951 basehttp "GET /api/order-stats/?locations=Both HTTP/1.1" 200 1349
INFO 2025-07-09 20:07:45,407 basehttp "GET /api/order-stats/?locations=Both HTTP/1.1" 200 1349
INFO 2025-07-09 20:07:45,410 basehttp "GET /api/order-stats/?locations=Both HTTP/1.1" 200 1349
INFO 2025-07-09 20:12:31,299 autoreload E:\Development\BBB Sales Dashboard\breadbybike-dashboard\backend\sales\static\stats_schema_home.py changed, reloading.
INFO 2025-07-09 20:12:33,183 autoreload Watching for file changes with StatReloader
INFO 2025-07-09 20:12:52,007 autoreload E:\Development\BBB Sales Dashboard\breadbybike-dashboard\backend\sales\services\calc_functions.py changed, reloading.
INFO 2025-07-09 20:12:52,630 autoreload Watching for file changes with StatReloader
INFO 2025-07-09 20:13:04,871 autoreload E:\Development\BBB Sales Dashboard\breadbybike-dashboard\backend\sales\services\calc_functions.py changed, reloading.
INFO 2025-07-09 20:13:05,511 autoreload Watching for file changes with StatReloader
INFO 2025-07-09 20:13:57,554 autoreload Watching for file changes with StatReloader
INFO 2025-07-09 20:23:08,764 basehttp "GET /api/order-stats/?locations=Both HTTP/1.1" 200 1356
INFO 2025-07-09 20:23:08,766 basehttp "GET /api/order-stats/?locations=Both HTTP/1.1" 200 1356
INFO 2025-07-09 20:27:51,028 basehttp "GET /api/order-stats/?locations=Both HTTP/1.1" 200 1356
INFO 2025-07-09 20:27:51,031 basehttp "GET /api/order-stats/?locations=Both HTTP/1.1" 200 1356
INFO 2025-07-09 21:00:46,200 basehttp "GET /api/order-stats/?locations=Cafe HTTP/1.1" 200 1313
INFO 2025-07-09 21:00:50,752 basehttp "GET /api/order-stats/?locations=Bakery HTTP/1.1" 200 1359
INFO 2025-07-09 21:00:52,212 basehttp "GET /api/order-stats/?locations=Cafe HTTP/1.1" 200 1313
INFO 2025-07-09 21:00:54,859 basehttp "GET /api/order-stats/?locations=Bakery HTTP/1.1" 200 1359
INFO 2025-07-09 21:00:57,629 basehttp "GET /api/order-stats/?locations=Both HTTP/1.1" 200 1356
INFO 2025-07-09 21:01:01,645 basehttp "GET /api/order-stats/?locations=Both,Both_items_Cinnamon HTTP/1.1" 200 3580
INFO 2025-07-09 21:01:01,649 basehttp "GET /api/order-stats/?locations=Both,Both_items_Cinnamon HTTP/1.1" 200 3580
INFO 2025-07-09 21:01:02,962 basehttp "GET /api/order-stats/?locations=Both HTTP/1.1" 200 1356
INFO 2025-07-09 21:01:02,964 basehttp "GET /api/order-stats/?locations=Both HTTP/1.1" 200 1356
INFO 2025-07-09 21:01:04,540 basehttp "GET /api/square-catalog-items/ HTTP/1.1" 200 2737
INFO 2025-07-09 21:01:07,394 basehttp "GET /api/square-catalog-items/ HTTP/1.1" 200 2737
INFO 2025-07-10 12:47:21,741 autoreload Watching for file changes with StatReloader
INFO 2025-07-10 12:47:36,581 basehttp "GET /api/order-stats/?locations=Both HTTP/1.1" 200 1355
INFO 2025-07-10 12:47:36,584 basehttp "GET /api/order-stats/?locations=Both HTTP/1.1" 200 1355
INFO 2025-07-10 12:48:01,044 basehttp "GET /api/order-stats/?locations=Cafe HTTP/1.1" 200 1329
INFO 2025-07-10 12:48:13,199 basehttp "GET /api/order-stats/?locations=Bakery HTTP/1.1" 200 1358
INFO 2025-07-10 12:48:20,148 basehttp "GET /api/order-stats/?locations=Cafe HTTP/1.1" 200 1329
INFO 2025-07-10 12:48:26,305 basehttp "GET /api/order-stats/?locations=Both HTTP/1.1" 200 1355
INFO 2025-07-10 12:52:07,495 basehttp "GET /api/order-stats/?locations=Both,Both_items_Cinnamon HTTP/1.1" 200 3577
INFO 2025-07-10 12:52:07,801 basehttp "GET /api/order-stats/?locations=Both,Both_items_Cinnamon HTTP/1.1" 200 3577
INFO 2025-07-10 12:52:08,821 basehttp "GET /api/order-stats/?locations=Both HTTP/1.1" 200 1355
INFO 2025-07-10 12:52:08,823 basehttp "GET /api/order-stats/?locations=Both HTTP/1.1" 200 1355
INFO 2025-07-10 12:52:10,457 basehttp "GET /api/square-catalog-items/ HTTP/1.1" 200 2737
INFO 2025-07-10 12:52:13,465 basehttp "GET /api/square-catalog-items/ HTTP/1.1" 200 2737
INFO 2025-07-10 12:52:14,528 basehttp "GET /api/order-stats/?locations=Cafe HTTP/1.1" 200 1329
INFO 2025-07-10 12:52:15,747 basehttp "GET /api/order-stats/?locations=Bakery HTTP/1.1" 200 1358
INFO 2025-07-10 12:52:17,812 basehttp "GET /api/order-stats/?locations=Cafe HTTP/1.1" 200 1329
INFO 2025-07-10 12:52:20,931 basehttp "GET /api/order-stats/?locations=Both HTTP/1.1" 200 1355
INFO 2025-07-10 12:57:33,315 basehttp "GET /api/order-stats/?locations=Cafe HTTP/1.1" 200 1329
INFO 2025-07-10 12:57:41,518 basehttp "GET /api/order-stats/?locations=Bakery HTTP/1.1" 200 1358
INFO 2025-07-10 12:58:08,293 basehttp "GET /api/order-stats/?locations=Cafe HTTP/1.1" 200 1329
INFO 2025-07-10 12:58:37,453 basehttp "GET /api/order-stats/?locations=Bakery HTTP/1.1" 200 1358
INFO 2025-07-10 12:58:51,393 basehttp "GET /api/order-stats/?locations=Cafe HTTP/1.1" 200 1329
INFO 2025-07-10 12:58:54,061 basehttp "GET /api/order-stats/?locations=Bakery HTTP/1.1" 200 1358
INFO 2025-07-10 12:59:14,816 basehttp "GET /api/order-stats/?locations=Cafe HTTP/1.1" 200 1329
INFO 2025-07-10 13:05:22,413 autoreload E:\Development\BBB Sales Dashboard\breadbybike-dashboard\backend\sales\services\calc_functions.py changed, reloading.
INFO 2025-07-10 13:05:23,750 autoreload Watching for file changes with StatReloader
INFO 2025-07-10 13:05:57,067 autoreload E:\Development\BBB Sales Dashboard\breadbybike-dashboard\backend\sales\services\calc_functions.py changed, reloading.
INFO 2025-07-10 13:05:57,651 autoreload Watching for file changes with StatReloader
INFO 2025-07-10 13:09:12,316 autoreload Watching for file changes with StatReloader
INFO 2025-07-10 13:09:18,340 basehttp "GET /api/order-stats/?locations=Both HTTP/1.1" 200 1566
INFO 2025-07-10 13:09:18,343 basehttp "GET /api/order-stats/?locations=Both HTTP/1.1" 200 1566
INFO 2025-07-10 13:09:37,926 basehttp "GET /api/order-stats/?locations=Cafe HTTP/1.1" 200 1534
INFO 2025-07-10 13:09:38,982 basehttp "GET /api/order-stats/?locations=Both HTTP/1.1" 200 1566
INFO 2025-07-10 13:22:39,135 basehttp "GET /api/order-stats/?locations=Both HTTP/1.1" 200 1566
INFO 2025-07-10 13:31:57,114 basehttp "GET /api/order-stats/?locations=Both,Both_items_Cinnamon HTTP/1.1" 200 3788
INFO 2025-07-10 13:31:57,116 basehttp "GET /api/order-stats/?locations=Both,Both_items_Cinnamon HTTP/1.1" 200 3788
INFO 2025-07-10 13:32:00,038 basehttp "GET /api/square-catalog-items/ HTTP/1.1" 200 2737
INFO 2025-07-10 13:32:02,754 basehttp "GET /api/square-catalog-items/ HTTP/1.1" 200 2737
INFO 2025-07-10 13:32:04,290 basehttp "GET /api/order-stats/?locations=Both HTTP/1.1" 200 1566
INFO 2025-07-10 13:32:04,293 basehttp "GET /api/order-stats/?locations=Both HTTP/1.1" 200 1566
INFO 2025-07-10 13:32:21,964 autoreload E:\Development\BBB Sales Dashboard\breadbybike-dashboard\backend\sales\static\stats_schema_home.py changed, reloading.
INFO 2025-07-10 13:32:22,628 autoreload Watching for file changes with StatReloader
INFO 2025-07-10 13:42:17,948 autoreload E:\Development\BBB Sales Dashboard\breadbybike-dashboard\backend\sales\services\calc_functions.py changed, reloading.
INFO 2025-07-10 13:42:18,550 autoreload Watching for file changes with StatReloader
INFO 2025-07-10 13:44:07,608 autoreload Watching for file changes with StatReloader
INFO 2025-07-10 13:48:57,569 basehttp "GET /api/order-stats/?locations=Both HTTP/1.1" 200 1561
INFO 2025-07-10 13:58:03,584 basehttp "GET /api/order-stats/?locations=Both HTTP/1.1" 200 1561
INFO 2025-07-10 13:58:03,586 basehttp "GET /api/order-stats/?locations=Both HTTP/1.1" 200 1561
INFO 2025-07-10 14:00:07,628 basehttp "GET /api/order-stats/?locations=Both HTTP/1.1" 200 1561
INFO 2025-07-10 14:00:07,630 basehttp "GET /api/order-stats/?locations=Both HTTP/1.1" 200 1561
INFO 2025-07-10 14:11:23,604 basehttp "GET /api/order-stats/?locations=Both HTTP/1.1" 200 1561
INFO 2025-07-10 14:11:23,606 basehttp "GET /api/order-stats/?locations=Both HTTP/1.1" 200 1561
INFO 2025-07-10 14:13:35,862 basehttp "GET /api/order-stats/?locations=Both HTTP/1.1" 200 1561
INFO 2025-07-10 14:13:35,867 basehttp "GET /api/order-stats/?locations=Both HTTP/1.1" 200 1561
INFO 2025-07-10 14:19:14,986 basehttp "GET /api/order-stats/?locations=Cafe HTTP/1.1" 200 1524
INFO 2025-07-10 14:19:24,421 basehttp "GET /api/order-stats/?locations=Bakery HTTP/1.1" 200 1567
INFO 2025-07-10 14:19:31,735 basehttp "GET /api/order-stats/?locations=Both HTTP/1.1" 200 1561
INFO 2025-07-10 14:19:34,766 basehttp "GET /api/order-stats/?locations=Cafe HTTP/1.1" 200 1524
INFO 2025-07-10 14:19:37,155 basehttp "GET /api/order-stats/?locations=Bakery HTTP/1.1" 200 1567
INFO 2025-07-10 14:24:07,093 basehttp "GET /api/order-stats/?locations=Cafe HTTP/1.1" 200 1524
INFO 2025-07-10 14:24:09,057 basehttp "GET /api/order-stats/?locations=Both HTTP/1.1" 200 1561
INFO 2025-07-10 14:24:09,790 basehttp "GET /api/order-stats/?locations=Bakery HTTP/1.1" 200 1567
INFO 2025-07-10 14:24:10,540 basehttp "GET /api/order-stats/?locations=Both HTTP/1.1" 200 1561
INFO 2025-07-10 14:24:11,291 basehttp "GET /api/order-stats/?locations=Cafe HTTP/1.1" 200 1524
INFO 2025-07-10 14:24:12,614 basehttp "GET /api/order-stats/?locations=Bakery HTTP/1.1" 200 1567
INFO 2025-07-10 14:24:15,191 basehttp "GET /api/order-stats/?locations=Both HTTP/1.1" 200 1561
INFO 2025-07-10 14:33:14,893 basehttp "GET /api/order-stats/?locations=Cafe HTTP/1.1" 200 1524
INFO 2025-07-10 14:33:16,370 basehttp "GET /api/order-stats/?locations=Both HTTP/1.1" 200 1561
INFO 2025-07-10 14:40:01,813 basehttp "GET /api/order-stats/?locations=Both,Both_items_Cinnamon HTTP/1.1" 200 3784
INFO 2025-07-10 14:40:01,816 basehttp "GET /api/order-stats/?locations=Both,Both_items_Cinnamon HTTP/1.1" 200 3784
INFO 2025-07-10 14:40:04,669 basehttp "GET /api/square-catalog-items/ HTTP/1.1" 200 2737
INFO 2025-07-10 14:40:07,385 basehttp "GET /api/square-catalog-items/ HTTP/1.1" 200 2737
INFO 2025-07-10 14:40:10,194 basehttp "GET /api/order-stats/?locations=Both HTTP/1.1" 200 1561
INFO 2025-07-10 14:40:10,195 basehttp "GET /api/order-stats/?locations=Both HTTP/1.1" 200 1561
INFO 2025-07-10 16:02:55,064 basehttp "GET /api/order-stats/?locations=Both HTTP/1.1" 200 1561
INFO 2025-07-10 16:02:55,068 basehttp "GET /api/order-stats/?locations=Both HTTP/1.1" 200 1561
INFO 2025-07-10 16:05:14,196 basehttp "GET /api/order-stats/?locations=Both,Both_items_Cinnamon HTTP/1.1" 200 3784
INFO 2025-07-10 16:05:14,201 basehttp "GET /api/order-stats/?locations=Both,Both_items_Cinnamon HTTP/1.1" 200 3784
INFO 2025-07-10 16:05:17,605 basehttp "GET /api/square-catalog-items/ HTTP/1.1" 200 2737
INFO 2025-07-10 16:05:20,501 basehttp "GET /api/square-catalog-items/ HTTP/1.1" 200 2737
INFO 2025-07-10 16:22:04,122 basehttp "GET /api/order-stats/?locations=Both HTTP/1.1" 200 1561
INFO 2025-07-10 16:22:04,124 basehttp "GET /api/order-stats/?locations=Both HTTP/1.1" 200 1561
INFO 2025-07-10 16:22:07,531 basehttp "GET /api/order-stats/?locations=Both,Both_items_Cinnamon HTTP/1.1" 200 3784
INFO 2025-07-10 16:22:07,532 basehttp "GET /api/order-stats/?locations=Both,Both_items_Cinnamon HTTP/1.1" 200 3784
INFO 2025-07-10 16:22:09,141 basehttp "GET /api/order-stats/?locations=Both HTTP/1.1" 200 1561
INFO 2025-07-10 16:22:09,143 basehttp "GET /api/order-stats/?locations=Both HTTP/1.1" 200 1561
INFO 2025-07-10 16:22:10,212 basehttp "GET /api/order-stats/?locations=Both,Both_items_Cinnamon HTTP/1.1" 200 3784
INFO 2025-07-10 16:22:10,214 basehttp "GET /api/order-stats/?locations=Both,Both_items_Cinnamon HTTP/1.1" 200 3784
INFO 2025-07-10 16:22:10,786 basehttp "GET /api/square-catalog-items/ HTTP/1.1" 200 2737
INFO 2025-07-10 16:22:10,788 basehttp "GET /api/order-stats/?locations=Both HTTP/1.1" 200 1561
INFO 2025-07-10 16:22:10,790 basehttp "GET /api/order-stats/?locations=Both HTTP/1.1" 200 1561
INFO 2025-07-10 16:22:12,012 basehttp "GET /api/order-stats/?locations=Both,Both_items_Cinnamon HTTP/1.1" 200 3784
INFO 2025-07-10 16:22:12,014 basehttp "GET /api/order-stats/?locations=Both,Both_items_Cinnamon HTTP/1.1" 200 3784
INFO 2025-07-10 16:22:12,214 basehttp "GET /api/order-stats/?locations=Both HTTP/1.1" 200 1561
INFO 2025-07-10 16:22:12,215 basehttp "GET /api/order-stats/?locations=Both HTTP/1.1" 200 1561
INFO 2025-07-10 16:22:13,633 basehttp "GET /api/order-stats/?locations=Both,Both_items_Cinnamon HTTP/1.1" 200 3784
INFO 2025-07-10 16:22:13,633 basehttp "GET /api/square-catalog-items/ HTTP/1.1" 200 2737
INFO 2025-07-10 16:22:13,636 basehttp "GET /api/order-stats/?locations=Both,Both_items_Cinnamon HTTP/1.1" 200 3784
INFO 2025-07-10 16:22:16,881 basehttp "GET /api/square-catalog-items/ HTTP/1.1" 200 2737
INFO 2025-07-10 16:22:19,732 basehttp "GET /api/square-catalog-items/ HTTP/1.1" 200 2737
INFO 2025-07-10 16:22:22,554 basehttp "GET /api/square-catalog-items/ HTTP/1.1" 200 2737
INFO 2025-07-10 16:22:25,607 basehttp "GET /api/square-catalog-items/ HTTP/1.1" 200 2737
INFO 2025-07-10 16:22:28,400 basehttp "GET /api/square-catalog-items/ HTTP/1.1" 200 2737
INFO 2025-07-10 16:22:31,168 basehttp "GET /api/square-catalog-items/ HTTP/1.1" 200 2737
INFO 2025-07-10 16:23:39,657 basehttp "GET /api/order-stats/?locations=Both HTTP/1.1" 200 1561
INFO 2025-07-10 16:23:39,660 basehttp "GET /api/order-stats/?locations=Both HTTP/1.1" 200 1561
INFO 2025-07-10 16:23:41,372 basehttp "GET /api/order-stats/?locations=Bakery HTTP/1.1" 200 1567
INFO 2025-07-10 16:23:44,533 basehttp "GET /api/order-stats/?locations=Both,Both_items_Cinnamon HTTP/1.1" 200 3784
INFO 2025-07-10 16:23:44,535 basehttp "GET /api/order-stats/?locations=Both,Both_items_Cinnamon HTTP/1.1" 200 3784
INFO 2025-07-10 16:23:47,322 basehttp "GET /api/square-catalog-items/ HTTP/1.1" 200 2737
INFO 2025-07-10 16:23:49,632 basehttp "GET /api/order-stats/?locations=Both,Both_items_Cinnamon HTTP/1.1" 200 3784
INFO 2025-07-10 16:23:49,635 basehttp "GET /api/order-stats/?locations=Both,Both_items_Chin%20Chin%20Glass HTTP/1.1" 200 1561
INFO 2025-07-10 16:23:49,635 basehttp "GET /api/order-stats/?locations=Both,Both_items_Cinnamon HTTP/1.1" 200 3784
INFO 2025-07-10 16:23:50,081 basehttp "GET /api/square-catalog-items/ HTTP/1.1" 200 2737
INFO 2025-07-10 16:23:52,595 basehttp "GET /api/order-stats/?locations=Both,Both_items_Chin%20Chin%20Glass HTTP/1.1" 200 1561
INFO 2025-07-10 16:23:52,597 basehttp "GET /api/order-stats/?locations=Both,Both_items_Chin%20Chin%20Glass HTTP/1.1" 200 1561
INFO 2025-07-10 16:23:52,599 basehttp "GET /api/order-stats/?locations=Both,Both_items_Cinnamon HTTP/1.1" 200 3784
INFO 2025-07-10 16:25:09,243 basehttp "GET /api/order-stats/?locations=Both,Both_items_Cinnamon HTTP/1.1" 200 3784
INFO 2025-07-10 16:25:09,245 basehttp "GET /api/order-stats/?locations=Both,Both_items_Cinnamon HTTP/1.1" 200 3784
INFO 2025-07-10 16:25:12,064 basehttp "GET /api/square-catalog-items/ HTTP/1.1" 200 2737
INFO 2025-07-10 16:25:14,880 basehttp "GET /api/square-catalog-items/ HTTP/1.1" 200 2737
INFO 2025-07-10 16:28:44,635 basehttp "GET /api/order-stats/?locations=Both HTTP/1.1" 200 1561
INFO 2025-07-10 16:28:44,637 basehttp "GET /api/order-stats/?locations=Both HTTP/1.1" 200 1561
INFO 2025-07-10 16:30:22,379 basehttp "GET /api/order-stats/?locations=Both,Both_items_Cinnamon HTTP/1.1" 200 3784
INFO 2025-07-10 16:30:22,381 basehttp "GET /api/order-stats/?locations=Both,Both_items_Cinnamon HTTP/1.1" 200 3784
INFO 2025-07-10 16:30:25,458 basehttp "GET /api/square-catalog-items/ HTTP/1.1" 200 2737
INFO 2025-07-10 16:30:28,309 basehttp "GET /api/square-catalog-items/ HTTP/1.1" 200 2737
INFO 2025-07-10 16:34:19,031 basehttp "GET /api/order-stats/?locations=Both HTTP/1.1" 200 1561
INFO 2025-07-10 16:34:19,033 basehttp "GET /api/order-stats/?locations=Both HTTP/1.1" 200 1561
INFO 2025-07-10 16:34:38,157 basehttp "GET /api/order-stats/?locations=Both,Both_items_Cinnamon HTTP/1.1" 200 3784
INFO 2025-07-10 16:34:38,159 basehttp "GET /api/order-stats/?locations=Both,Both_items_Cinnamon HTTP/1.1" 200 3784
INFO 2025-07-10 16:34:40,958 basehttp "GET /api/square-catalog-items/ HTTP/1.1" 200 2737
INFO 2025-07-10 16:34:43,787 basehttp "GET /api/square-catalog-items/ HTTP/1.1" 200 2737
INFO 2025-07-10 16:39:37,400 basehttp "GET /api/order-stats/?locations=Both HTTP/1.1" 200 1561
INFO 2025-07-10 16:39:37,402 basehttp "GET /api/order-stats/?locations=Both HTTP/1.1" 200 1561
INFO 2025-07-10 16:39:39,188 basehttp "GET /api/order-stats/?locations=Both,Both_items_Cinnamon HTTP/1.1" 200 3784
INFO 2025-07-10 16:39:39,190 basehttp "GET /api/order-stats/?locations=Both,Both_items_Cinnamon HTTP/1.1" 200 3784
INFO 2025-07-10 16:39:42,157 basehttp "GET /api/square-catalog-items/ HTTP/1.1" 200 2737
INFO 2025-07-10 16:39:44,328 basehttp "GET /api/order-stats/?locations=Both,Both_items_Cinnamon HTTP/1.1" 200 3784
INFO 2025-07-10 16:39:44,328 basehttp "GET /api/order-stats/?locations=Both,Both_items_Cappuccino HTTP/1.1" 200 1561
INFO 2025-07-10 16:39:44,330 basehttp "GET /api/order-stats/?locations=Both,Both_items_Cinnamon HTTP/1.1" 200 3784
INFO 2025-07-10 16:39:44,584 basehttp "OPTIONS /api/trigger-calculation/ HTTP/1.1" 200 0
INFO 2025-07-10 16:39:44,585 views TriggerCalculationsView POST request received
DEBUG 2025-07-10 16:39:44,585 views Received location: Both, item_name: Cappuccino
INFO 2025-07-10 16:39:44,585 views Processing calculation for: Both_items_Cappuccino
DEBUG 2025-07-10 16:39:44,586 views Initialized stats dictionary
INFO 2025-07-10 16:39:44,590 basehttp "GET /api/order-stats/?locations=Both,Both_items_Cappuccino HTTP/1.1" 200 1561
INFO 2025-07-10 16:39:44,592 basehttp "GET /api/order-stats/?locations=Both,Both_items_Cappuccino HTTP/1.1" 200 1561
DEBUG 2025-07-10 16:39:44,628 views Calculating items stats from order lines
INFO 2025-07-10 16:39:45,076 basehttp "GET /api/square-catalog-items/ HTTP/1.1" 200 2737
DEBUG 2025-07-10 16:39:45,268 views Calculating daily stats from daily orders
INFO 2025-07-10 16:39:45,284 views Successfully saved stats for Both_items_Cappuccino
INFO 2025-07-10 16:39:45,285 basehttp "POST /api/trigger-calculation/ HTTP/1.1" 200 56
INFO 2025-07-10 16:39:45,292 basehttp "GET /api/order-stats/?locations=Both,Both_items_Cappuccino HTTP/1.1" 200 3742
INFO 2025-07-10 16:39:45,302 basehttp "GET /api/order-stats/?locations=Both,Both_items_Cappuccino HTTP/1.1" 200 3742
INFO 2025-07-10 16:39:45,304 basehttp "GET /api/order-stats/?locations=Both,Both_items_Cappuccino HTTP/1.1" 200 3742
INFO 2025-07-10 16:39:49,209 basehttp "GET /api/order-stats/?locations=Both,Both_items_Cappuccino HTTP/1.1" 200 3742
INFO 2025-07-10 16:39:49,210 basehttp "GET /api/order-stats/?locations=Both,Both_items_Cappuccino HTTP/1.1" 200 3742
INFO 2025-07-10 16:39:49,213 basehttp "GET /api/order-stats/?locations=Both,Both_items_Americano HTTP/1.1" 200 1561
INFO 2025-07-10 16:39:49,557 views TriggerCalculationsView POST request received
DEBUG 2025-07-10 16:39:49,558 views Received location: Both, item_name: Americano
INFO 2025-07-10 16:39:49,558 views Processing calculation for: Both_items_Americano
DEBUG 2025-07-10 16:39:49,558 views Initialized stats dictionary
INFO 2025-07-10 16:39:49,563 basehttp "GET /api/order-stats/?locations=Both,Both_items_Americano HTTP/1.1" 200 1561
INFO 2025-07-10 16:39:49,565 basehttp "GET /api/order-stats/?locations=Both,Both_items_Americano HTTP/1.1" 200 1561
DEBUG 2025-07-10 16:39:49,599 views Calculating items stats from order lines
DEBUG 2025-07-10 16:39:49,673 views Calculating daily stats from daily orders
INFO 2025-07-10 16:39:49,690 views Successfully saved stats for Both_items_Americano
INFO 2025-07-10 16:39:49,691 basehttp "POST /api/trigger-calculation/ HTTP/1.1" 200 55
INFO 2025-07-10 16:39:49,698 basehttp "GET /api/order-stats/?locations=Both,Both_items_Americano HTTP/1.1" 200 3737
INFO 2025-07-10 16:39:49,710 basehttp "GET /api/order-stats/?locations=Both,Both_items_Americano HTTP/1.1" 200 3737
INFO 2025-07-10 16:39:49,712 basehttp "GET /api/order-stats/?locations=Both,Both_items_Americano HTTP/1.1" 200 3737
INFO 2025-07-10 16:40:01,106 basehttp "GET /api/order-stats/?locations=Both,Both_items_Americano HTTP/1.1" 200 3737
INFO 2025-07-10 16:40:01,109 basehttp "GET /api/order-stats/?locations=Both,Both_items_Americano HTTP/1.1" 200 3737
INFO 2025-07-10 16:40:01,115 basehttp "GET /api/order-stats/?locations=Both,Both_items_Burger%20&%20Fries%20(pre-order) HTTP/1.1" 200 1561
INFO 2025-07-10 16:40:01,593 views TriggerCalculationsView POST request received
DEBUG 2025-07-10 16:40:01,593 views Received location: Both, item_name: Burger & Fries (pre-order)
INFO 2025-07-10 16:40:01,593 views Processing calculation for: Both_items_Burger & Fries (pre-order)
DEBUG 2025-07-10 16:40:01,593 views Initialized stats dictionary
INFO 2025-07-10 16:40:01,598 basehttp "GET /api/order-stats/?locations=Both,Both_items_Burger%20&%20Fries%20(pre-order) HTTP/1.1" 200 1561
INFO 2025-07-10 16:40:01,600 basehttp "GET /api/order-stats/?locations=Both,Both_items_Burger%20&%20Fries%20(pre-order) HTTP/1.1" 200 1561
INFO 2025-07-10 16:40:01,650 views Successfully saved stats for Both_items_Burger & Fries (pre-order)
INFO 2025-07-10 16:40:01,650 basehttp "POST /api/trigger-calculation/ HTTP/1.1" 200 72
INFO 2025-07-10 16:40:01,656 basehttp "GET /api/order-stats/?locations=Both,Both_items_Burger%20&%20Fries%20(pre-order) HTTP/1.1" 200 1561
INFO 2025-07-10 16:40:01,667 basehttp "GET /api/order-stats/?locations=Both,Both_items_Burger%20&%20Fries%20(pre-order) HTTP/1.1" 200 1561
INFO 2025-07-10 16:40:01,668 basehttp "GET /api/order-stats/?locations=Both,Both_items_Burger%20&%20Fries%20(pre-order) HTTP/1.1" 200 1561
INFO 2025-07-10 16:40:05,348 basehttp "GET /api/order-stats/?locations=Both,Both_items_Burger%20&%20Fries%20(pre-order) HTTP/1.1" 200 1561
INFO 2025-07-10 16:40:05,349 basehttp "GET /api/order-stats/?locations=Both,Both_items_Banana%20Bread HTTP/1.1" 200 1561
INFO 2025-07-10 16:40:05,350 basehttp "GET /api/order-stats/?locations=Both,Both_items_Burger%20&%20Fries%20(pre-order) HTTP/1.1" 200 1561
INFO 2025-07-10 16:40:05,726 views TriggerCalculationsView POST request received
DEBUG 2025-07-10 16:40:05,726 views Received location: Both, item_name: Banana Bread
INFO 2025-07-10 16:40:05,726 views Processing calculation for: Both_items_Banana Bread
DEBUG 2025-07-10 16:40:05,726 views Initialized stats dictionary
INFO 2025-07-10 16:40:05,732 basehttp "GET /api/order-stats/?locations=Both,Both_items_Banana%20Bread HTTP/1.1" 200 1561
INFO 2025-07-10 16:40:05,734 basehttp "GET /api/order-stats/?locations=Both,Both_items_Banana%20Bread HTTP/1.1" 200 1561
DEBUG 2025-07-10 16:40:05,765 views Calculating items stats from order lines
DEBUG 2025-07-10 16:40:05,820 views Calculating daily stats from daily orders
INFO 2025-07-10 16:40:05,836 views Successfully saved stats for Both_items_Banana Bread
INFO 2025-07-10 16:40:05,837 basehttp "POST /api/trigger-calculation/ HTTP/1.1" 200 58
INFO 2025-07-10 16:40:05,843 basehttp "GET /api/order-stats/?locations=Both,Both_items_Banana%20Bread HTTP/1.1" 200 3626
INFO 2025-07-10 16:40:05,854 basehttp "GET /api/order-stats/?locations=Both,Both_items_Banana%20Bread HTTP/1.1" 200 3626
INFO 2025-07-10 16:40:05,855 basehttp "GET /api/order-stats/?locations=Both,Both_items_Banana%20Bread HTTP/1.1" 200 3626
INFO 2025-07-10 16:40:10,346 basehttp "GET /api/order-stats/?locations=Both,Both_items_Banana%20Bread HTTP/1.1" 200 3626
INFO 2025-07-10 16:40:10,348 basehttp "GET /api/order-stats/?locations=Both,Both_items_Banana%20Bread HTTP/1.1" 200 3626
INFO 2025-07-10 16:40:10,352 basehttp "GET /api/order-stats/?locations=Both,Both_items_Chin%20Chin%20Bottle HTTP/1.1" 200 1561
INFO 2025-07-10 16:40:10,948 views TriggerCalculationsView POST request received
DEBUG 2025-07-10 16:40:10,949 views Received location: Both, item_name: Chin Chin Bottle
INFO 2025-07-10 16:40:10,949 views Processing calculation for: Both_items_Chin Chin Bottle
DEBUG 2025-07-10 16:40:10,949 views Initialized stats dictionary
INFO 2025-07-10 16:40:10,955 basehttp "GET /api/order-stats/?locations=Both,Both_items_Chin%20Chin%20Bottle HTTP/1.1" 200 1561
INFO 2025-07-10 16:40:10,956 basehttp "GET /api/order-stats/?locations=Both,Both_items_Chin%20Chin%20Bottle HTTP/1.1" 200 1561
INFO 2025-07-10 16:40:10,995 views Successfully saved stats for Both_items_Chin Chin Bottle
INFO 2025-07-10 16:40:10,996 basehttp "POST /api/trigger-calculation/ HTTP/1.1" 200 62
INFO 2025-07-10 16:40:11,001 basehttp "GET /api/order-stats/?locations=Both,Both_items_Chin%20Chin%20Bottle HTTP/1.1" 200 3530
INFO 2025-07-10 16:40:11,012 basehttp "GET /api/order-stats/?locations=Both,Both_items_Chin%20Chin%20Bottle HTTP/1.1" 200 3530
INFO 2025-07-10 16:40:11,014 basehttp "GET /api/order-stats/?locations=Both,Both_items_Chin%20Chin%20Bottle HTTP/1.1" 200 3530
INFO 2025-07-10 16:40:13,921 basehttp "GET /api/order-stats/?locations=Both,Both_items_Chin%20Chin%20Bottle HTTP/1.1" 200 3530
INFO 2025-07-10 16:40:13,923 basehttp "GET /api/order-stats/?locations=Both,Both_items_Chin%20Chin%20Bottle HTTP/1.1" 200 3530
INFO 2025-07-10 16:40:13,927 basehttp "GET /api/order-stats/?locations=Both,Both_items_Latte HTTP/1.1" 200 1561
INFO 2025-07-10 16:40:14,661 views TriggerCalculationsView POST request received
DEBUG 2025-07-10 16:40:14,661 views Received location: Both, item_name: Latte
INFO 2025-07-10 16:40:14,661 views Processing calculation for: Both_items_Latte
DEBUG 2025-07-10 16:40:14,661 views Initialized stats dictionary
INFO 2025-07-10 16:40:14,666 basehttp "GET /api/order-stats/?locations=Both,Both_items_Latte HTTP/1.1" 200 1561
INFO 2025-07-10 16:40:14,668 basehttp "GET /api/order-stats/?locations=Both,Both_items_Latte HTTP/1.1" 200 1561
DEBUG 2025-07-10 16:40:14,702 views Calculating items stats from order lines
DEBUG 2025-07-10 16:40:14,785 views Calculating daily stats from daily orders
INFO 2025-07-10 16:40:14,802 views Successfully saved stats for Both_items_Latte
INFO 2025-07-10 16:40:14,803 basehttp "POST /api/trigger-calculation/ HTTP/1.1" 200 51
INFO 2025-07-10 16:40:14,809 basehttp "GET /api/order-stats/?locations=Both,Both_items_Latte HTTP/1.1" 200 3753
INFO 2025-07-10 16:40:14,818 basehttp "GET /api/order-stats/?locations=Both,Both_items_Latte HTTP/1.1" 200 3753
INFO 2025-07-10 16:40:14,820 basehttp "GET /api/order-stats/?locations=Both,Both_items_Latte HTTP/1.1" 200 3753
INFO 2025-07-10 16:40:18,081 basehttp "GET /api/order-stats/?locations=Both,Both_items_Latte HTTP/1.1" 200 3753
INFO 2025-07-10 16:40:18,083 basehttp "GET /api/order-stats/?locations=Both,Both_items_Latte HTTP/1.1" 200 3753
INFO 2025-07-10 16:40:18,087 basehttp "GET /api/order-stats/?locations=Both,Both_items_Banana%20Bread HTTP/1.1" 200 3626
INFO 2025-07-10 16:44:37,980 basehttp "GET /api/order-stats/?locations=Both,Both_items_Banana%20Bread HTTP/1.1" 200 3626
INFO 2025-07-10 16:44:37,982 basehttp "GET /api/order-stats/?locations=Both,Both_items_Banana%20Bread HTTP/1.1" 200 3626
INFO 2025-07-10 16:44:37,987 basehttp "GET /api/order-stats/?locations=Both,Both_items_Cappuccino HTTP/1.1" 200 3742
INFO 2025-07-10 16:44:38,925 views TriggerCalculationsView POST request received
DEBUG 2025-07-10 16:44:38,926 views Received location: Both, item_name: Cappuccino
INFO 2025-07-10 16:44:38,926 views Processing calculation for: Both_items_Cappuccino
DEBUG 2025-07-10 16:44:38,926 views Initialized stats dictionary
INFO 2025-07-10 16:44:38,931 basehttp "GET /api/order-stats/?locations=Both,Both_items_Cappuccino HTTP/1.1" 200 3742
INFO 2025-07-10 16:44:38,933 basehttp "GET /api/order-stats/?locations=Both,Both_items_Cappuccino HTTP/1.1" 200 3742
DEBUG 2025-07-10 16:44:38,967 views Calculating items stats from order lines
DEBUG 2025-07-10 16:44:39,046 views Calculating daily stats from daily orders
INFO 2025-07-10 16:44:39,063 views Successfully saved stats for Both_items_Cappuccino
INFO 2025-07-10 16:44:39,064 basehttp "POST /api/trigger-calculation/ HTTP/1.1" 200 56
INFO 2025-07-10 16:44:39,071 basehttp "GET /api/order-stats/?locations=Both,Both_items_Cappuccino HTTP/1.1" 200 3742
INFO 2025-07-10 16:44:39,083 basehttp "GET /api/order-stats/?locations=Both,Both_items_Cappuccino HTTP/1.1" 200 3742
INFO 2025-07-10 16:44:39,085 basehttp "GET /api/order-stats/?locations=Both,Both_items_Cappuccino HTTP/1.1" 200 3742
INFO 2025-07-10 16:44:43,672 basehttp "GET /api/order-stats/?locations=Both,Both_items_Cappuccino HTTP/1.1" 200 3742
INFO 2025-07-10 16:44:43,674 basehttp "GET /api/order-stats/?locations=Both,Both_items_Cappuccino HTTP/1.1" 200 3742
INFO 2025-07-10 16:44:43,677 basehttp "GET /api/order-stats/?locations=Both,Both_items_Cinnamon HTTP/1.1" 200 3784
INFO 2025-07-10 16:44:55,927 views TriggerCalculationsView POST request received
DEBUG 2025-07-10 16:44:55,927 views Received location: Both, item_name: Cinnamon
INFO 2025-07-10 16:44:55,927 views Processing calculation for: Both_items_Cinnamon
DEBUG 2025-07-10 16:44:55,927 views Initialized stats dictionary
INFO 2025-07-10 16:44:55,932 basehttp "GET /api/order-stats/?locations=Both,Both_items_Cinnamon HTTP/1.1" 200 3784
INFO 2025-07-10 16:44:55,934 basehttp "GET /api/order-stats/?locations=Both,Both_items_Cinnamon HTTP/1.1" 200 3784
DEBUG 2025-07-10 16:44:55,970 views Calculating items stats from order lines
DEBUG 2025-07-10 16:44:56,084 views Calculating daily stats from daily orders
INFO 2025-07-10 16:44:56,101 views Successfully saved stats for Both_items_Cinnamon
INFO 2025-07-10 16:44:56,102 basehttp "POST /api/trigger-calculation/ HTTP/1.1" 200 54
INFO 2025-07-10 16:44:56,110 basehttp "GET /api/order-stats/?locations=Both,Both_items_Cinnamon HTTP/1.1" 200 3784
INFO 2025-07-10 16:44:56,120 basehttp "GET /api/order-stats/?locations=Both,Both_items_Cinnamon HTTP/1.1" 200 3784
INFO 2025-07-10 16:44:56,122 basehttp "GET /api/order-stats/?locations=Both,Both_items_Cinnamon HTTP/1.1" 200 3784
INFO 2025-07-10 16:53:40,830 basehttp "GET /api/order-stats/?locations=Both,Both_items_Cinnamon HTTP/1.1" 200 3784
INFO 2025-07-10 16:53:40,832 basehttp "GET /api/order-stats/?locations=Both,Both_items_Cinnamon HTTP/1.1" 200 3784
INFO 2025-07-10 16:53:43,622 basehttp "GET /api/square-catalog-items/ HTTP/1.1" 200 2737
INFO 2025-07-10 16:53:46,450 basehttp "GET /api/square-catalog-items/ HTTP/1.1" 200 2737
INFO 2025-07-10 16:54:53,785 basehttp "GET /api/order-stats/?locations=Both HTTP/1.1" 200 1561
INFO 2025-07-10 16:54:53,788 basehttp "GET /api/order-stats/?locations=Both HTTP/1.1" 200 1561
INFO 2025-07-10 16:54:59,223 basehttp "GET /api/order-stats/?locations=Both,Both_items_Cinnamon HTTP/1.1" 200 3784
INFO 2025-07-10 16:54:59,226 basehttp "GET /api/order-stats/?locations=Both,Both_items_Cinnamon HTTP/1.1" 200 3784
INFO 2025-07-10 16:55:02,111 basehttp "GET /api/square-catalog-items/ HTTP/1.1" 200 2737
INFO 2025-07-10 16:55:05,053 basehttp "GET /api/square-catalog-items/ HTTP/1.1" 200 2737
INFO 2025-07-10 16:57:24,131 basehttp "GET /api/order-stats/?locations=Both,Both_items_Cinnamon HTTP/1.1" 200 3784
INFO 2025-07-10 16:57:24,133 basehttp "GET /api/order-stats/?locations=Both,Both_items_Cinnamon HTTP/1.1" 200 3784
INFO 2025-07-10 16:57:27,078 basehttp "GET /api/square-catalog-items/ HTTP/1.1" 200 2737
INFO 2025-07-10 16:57:29,852 basehttp "GET /api/square-catalog-items/ HTTP/1.1" 200 2737
INFO 2025-07-10 17:01:29,879 autoreload E:\Development\BBB Sales Dashboard\breadbybike-dashboard\backend\sales\services\calc_functions.py changed, reloading.
INFO 2025-07-10 17:01:30,576 autoreload Watching for file changes with StatReloader
INFO 2025-07-10 17:02:11,187 autoreload E:\Development\BBB Sales Dashboard\breadbybike-dashboard\backend\sales\services\calc_functions.py changed, reloading.
INFO 2025-07-10 17:02:11,776 autoreload Watching for file changes with StatReloader
INFO 2025-07-10 17:09:57,710 autoreload Watching for file changes with StatReloader
INFO 2025-07-10 17:10:06,064 basehttp "GET /api/order-stats/?locations=Both,Both_items_Cinnamon HTTP/1.1" 200 3786
INFO 2025-07-10 17:10:06,067 basehttp "GET /api/order-stats/?locations=Both,Both_items_Cinnamon HTTP/1.1" 200 3786
INFO 2025-07-10 17:10:09,057 basehttp "GET /api/square-catalog-items/ HTTP/1.1" 200 2737
INFO 2025-07-10 17:10:11,838 basehttp "GET /api/square-catalog-items/ HTTP/1.1" 200 2737
INFO 2025-07-10 17:14:15,069 basehttp "GET /api/order-stats/?locations=Both,Both_items_Cinnamon HTTP/1.1" 200 3786
INFO 2025-07-10 17:14:15,072 basehttp "GET /api/order-stats/?locations=Both,Both_items_Cinnamon HTTP/1.1" 200 3786
INFO 2025-07-10 17:14:17,903 basehttp "GET /api/square-catalog-items/ HTTP/1.1" 200 2737
INFO 2025-07-10 17:14:19,329 basehttp "GET /api/order-stats/?locations=Both,Both_items_Cinnamon HTTP/1.1" 200 3786
INFO 2025-07-10 17:14:19,331 basehttp "GET /api/order-stats/?locations=Both,Both_items_Cinnamon HTTP/1.1" 200 3786
INFO 2025-07-10 17:14:19,345 basehttp "GET /api/order-stats/?locations=Both,Both_items_Chai%20Latte HTTP/1.1" 200 1564
INFO 2025-07-10 17:14:20,839 basehttp "GET /api/square-catalog-items/ HTTP/1.1" 200 2737
INFO 2025-07-10 17:14:35,740 views TriggerCalculationsView POST request received
DEBUG 2025-07-10 17:14:35,740 views Received location: Both, item_name: Chai Latte
INFO 2025-07-10 17:14:35,740 views Processing calculation for: Both_items_Chai Latte
DEBUG 2025-07-10 17:14:35,740 views Initialized stats dictionary
INFO 2025-07-10 17:14:35,755 basehttp "GET /api/order-stats/?locations=Both,Both_items_Chai%20Latte HTTP/1.1" 200 1564
INFO 2025-07-10 17:14:35,758 basehttp "GET /api/order-stats/?locations=Both,Both_items_Chai%20Latte HTTP/1.1" 200 1564
DEBUG 2025-07-10 17:14:35,780 views Calculating items stats from order lines
DEBUG 2025-07-10 17:14:35,834 views Calculating daily stats from daily orders
INFO 2025-07-10 17:14:35,850 views Successfully saved stats for Both_items_Chai Latte
INFO 2025-07-10 17:14:35,850 basehttp "POST /api/trigger-calculation/ HTTP/1.1" 200 56
INFO 2025-07-10 17:14:35,856 basehttp "GET /api/order-stats/?locations=Both,Both_items_Chai%20Latte HTTP/1.1" 200 3627
INFO 2025-07-10 17:14:35,876 basehttp "GET /api/order-stats/?locations=Both,Both_items_Chai%20Latte HTTP/1.1" 200 3627
INFO 2025-07-10 17:14:35,879 basehttp "GET /api/order-stats/?locations=Both,Both_items_Chai%20Latte HTTP/1.1" 200 3627
INFO 2025-07-10 17:14:40,353 basehttp "GET /api/order-stats/?locations=Both,Both_items_Chai%20Latte HTTP/1.1" 200 3627
INFO 2025-07-10 17:14:40,355 basehttp "GET /api/order-stats/?locations=Both,Both_items_Chai%20Latte HTTP/1.1" 200 3627
INFO 2025-07-10 17:14:40,374 basehttp "GET /api/order-stats/?locations=Both,Both_items_Banana%20Bread HTTP/1.1" 200 1564
INFO 2025-07-10 17:14:41,119 views TriggerCalculationsView POST request received
DEBUG 2025-07-10 17:14:41,119 views Received location: Both, item_name: Banana Bread
INFO 2025-07-10 17:14:41,119 views Processing calculation for: Both_items_Banana Bread
DEBUG 2025-07-10 17:14:41,120 views Initialized stats dictionary
INFO 2025-07-10 17:14:41,133 basehttp "GET /api/order-stats/?locations=Both,Both_items_Banana%20Bread HTTP/1.1" 200 1564
INFO 2025-07-10 17:14:41,135 basehttp "GET /api/order-stats/?locations=Both,Both_items_Banana%20Bread HTTP/1.1" 200 1564
DEBUG 2025-07-10 17:14:41,159 views Calculating items stats from order lines
DEBUG 2025-07-10 17:14:41,214 views Calculating daily stats from daily orders
INFO 2025-07-10 17:14:41,230 views Successfully saved stats for Both_items_Banana Bread
INFO 2025-07-10 17:14:41,231 basehttp "POST /api/trigger-calculation/ HTTP/1.1" 200 58
INFO 2025-07-10 17:14:41,237 basehttp "GET /api/order-stats/?locations=Both,Both_items_Banana%20Bread HTTP/1.1" 200 3628
INFO 2025-07-10 17:14:41,257 basehttp "GET /api/order-stats/?locations=Both,Both_items_Banana%20Bread HTTP/1.1" 200 3628
INFO 2025-07-10 17:14:41,259 basehttp "GET /api/order-stats/?locations=Both,Both_items_Banana%20Bread HTTP/1.1" 200 3628
INFO 2025-07-10 17:14:56,431 basehttp "GET /api/order-stats/?locations=Both,Both_items_Banana%20Bread HTTP/1.1" 200 3628
INFO 2025-07-10 17:14:56,433 basehttp "GET /api/order-stats/?locations=Both,Both_items_Banana%20Bread HTTP/1.1" 200 3628
INFO 2025-07-10 17:14:56,440 basehttp "GET /api/order-stats/?locations=Both,Both_items_Cookie HTTP/1.1" 200 1564
INFO 2025-07-10 17:14:57,858 views TriggerCalculationsView POST request received
DEBUG 2025-07-10 17:14:57,858 views Received location: Both, item_name: Cookie
INFO 2025-07-10 17:14:57,858 views Processing calculation for: Both_items_Cookie
DEBUG 2025-07-10 17:14:57,858 views Initialized stats dictionary
INFO 2025-07-10 17:14:57,864 basehttp "GET /api/order-stats/?locations=Both,Both_items_Cookie HTTP/1.1" 200 1564
INFO 2025-07-10 17:14:57,865 basehttp "GET /api/order-stats/?locations=Both,Both_items_Cookie HTTP/1.1" 200 1564
DEBUG 2025-07-10 17:14:57,898 views Calculating items stats from order lines
DEBUG 2025-07-10 17:14:57,961 views Calculating daily stats from daily orders
INFO 2025-07-10 17:14:57,978 views Successfully saved stats for Both_items_Cookie
INFO 2025-07-10 17:14:57,979 basehttp "POST /api/trigger-calculation/ HTTP/1.1" 200 52
INFO 2025-07-10 17:14:57,984 basehttp "GET /api/order-stats/?locations=Both,Both_items_Cookie HTTP/1.1" 200 3715
INFO 2025-07-10 17:14:57,996 basehttp "GET /api/order-stats/?locations=Both,Both_items_Cookie HTTP/1.1" 200 3715
INFO 2025-07-10 17:14:57,998 basehttp "GET /api/order-stats/?locations=Both,Both_items_Cookie HTTP/1.1" 200 3715
INFO 2025-07-10 17:15:30,811 basehttp "GET /api/order-stats/?locations=Both,Both_items_Cookie HTTP/1.1" 200 3715
INFO 2025-07-10 17:15:30,813 basehttp "GET /api/order-stats/?locations=Both,Both_items_Cookie HTTP/1.1" 200 3715
INFO 2025-07-10 17:15:30,817 basehttp "GET /api/order-stats/?locations=Both,Both_items_Flat%20White HTTP/1.1" 200 1564
INFO 2025-07-10 17:15:35,787 views TriggerCalculationsView POST request received
DEBUG 2025-07-10 17:15:35,787 views Received location: Both, item_name: Flat White
INFO 2025-07-10 17:15:35,787 views Processing calculation for: Both_items_Flat White
DEBUG 2025-07-10 17:15:35,787 views Initialized stats dictionary
INFO 2025-07-10 17:15:35,792 basehttp "GET /api/order-stats/?locations=Both,Both_items_Flat%20White HTTP/1.1" 200 1564
INFO 2025-07-10 17:15:35,794 basehttp "GET /api/order-stats/?locations=Both,Both_items_Flat%20White HTTP/1.1" 200 1564
DEBUG 2025-07-10 17:15:35,832 views Calculating items stats from order lines
DEBUG 2025-07-10 17:15:35,950 views Calculating daily stats from daily orders
INFO 2025-07-10 17:15:35,964 views Successfully saved stats for Both_items_Flat White
INFO 2025-07-10 17:15:35,966 basehttp "POST /api/trigger-calculation/ HTTP/1.1" 200 56
INFO 2025-07-10 17:15:35,973 basehttp "GET /api/order-stats/?locations=Both,Both_items_Flat%20White HTTP/1.1" 200 3772
INFO 2025-07-10 17:15:35,985 basehttp "GET /api/order-stats/?locations=Both,Both_items_Flat%20White HTTP/1.1" 200 3772
INFO 2025-07-10 17:15:35,987 basehttp "GET /api/order-stats/?locations=Both,Both_items_Flat%20White HTTP/1.1" 200 3772
INFO 2025-07-10 17:16:21,786 basehttp "GET /api/order-stats/?locations=Both,Both_items_Flat%20White HTTP/1.1" 200 3772
INFO 2025-07-10 17:16:21,788 basehttp "GET /api/order-stats/?locations=Both,Both_items_Flat%20White HTTP/1.1" 200 3772
INFO 2025-07-10 17:16:21,794 basehttp "GET /api/order-stats/?locations=Both,Both_items_Roast%20Veg%20Sandwich HTTP/1.1" 200 1564
INFO 2025-07-10 17:16:22,747 views TriggerCalculationsView POST request received
DEBUG 2025-07-10 17:16:22,748 views Received location: Both, item_name: Roast Veg Sandwich
INFO 2025-07-10 17:16:22,748 views Processing calculation for: Both_items_Roast Veg Sandwich
DEBUG 2025-07-10 17:16:22,748 views Initialized stats dictionary
INFO 2025-07-10 17:16:22,754 basehttp "GET /api/order-stats/?locations=Both,Both_items_Roast%20Veg%20Sandwich HTTP/1.1" 200 1564
INFO 2025-07-10 17:16:22,756 basehttp "GET /api/order-stats/?locations=Both,Both_items_Roast%20Veg%20Sandwich HTTP/1.1" 200 1564
DEBUG 2025-07-10 17:16:22,785 views Calculating items stats from order lines
DEBUG 2025-07-10 17:16:22,843 views Calculating daily stats from daily orders
INFO 2025-07-10 17:16:22,857 views Successfully saved stats for Both_items_Roast Veg Sandwich
INFO 2025-07-10 17:16:22,858 basehttp "POST /api/trigger-calculation/ HTTP/1.1" 200 64
INFO 2025-07-10 17:16:22,864 basehttp "GET /api/order-stats/?locations=Both,Both_items_Roast%20Veg%20Sandwich HTTP/1.1" 200 3692
INFO 2025-07-10 17:16:22,876 basehttp "GET /api/order-stats/?locations=Both,Both_items_Roast%20Veg%20Sandwich HTTP/1.1" 200 3692
INFO 2025-07-10 17:16:22,878 basehttp "GET /api/order-stats/?locations=Both,Both_items_Roast%20Veg%20Sandwich HTTP/1.1" 200 3692
INFO 2025-07-10 17:16:46,002 basehttp "GET /api/order-stats/?locations=Both HTTP/1.1" 200 1564
INFO 2025-07-10 17:16:46,005 basehttp "GET /api/order-stats/?locations=Both HTTP/1.1" 200 1564
INFO 2025-07-10 17:16:46,567 basehttp "GET /api/order-stats/?locations=Both,Both_items_Cinnamon HTTP/1.1" 200 3786
INFO 2025-07-10 17:16:46,569 basehttp "GET /api/order-stats/?locations=Both,Both_items_Cinnamon HTTP/1.1" 200 3786
INFO 2025-07-10 17:16:47,697 basehttp "GET /api/order-stats/?locations=Both HTTP/1.1" 200 1564
INFO 2025-07-10 17:16:47,843 basehttp "GET /api/order-stats/?locations=Both HTTP/1.1" 200 1564
INFO 2025-07-10 17:16:47,978 basehttp "GET /api/order-stats/?locations=Both,Both_items_Cinnamon HTTP/1.1" 200 3786
INFO 2025-07-10 17:16:47,980 basehttp "GET /api/order-stats/?locations=Both,Both_items_Cinnamon HTTP/1.1" 200 3786
INFO 2025-07-10 17:16:49,458 basehttp "GET /api/square-catalog-items/ HTTP/1.1" 200 2737
INFO 2025-07-10 17:16:50,734 basehttp "GET /api/order-stats/?locations=Both HTTP/1.1" 200 1564
INFO 2025-07-10 17:16:50,736 basehttp "GET /api/order-stats/?locations=Both HTTP/1.1" 200 1564
INFO 2025-07-10 17:16:52,286 basehttp "GET /api/square-catalog-items/ HTTP/1.1" 200 2737
INFO 2025-07-10 17:16:55,115 basehttp "GET /api/square-catalog-items/ HTTP/1.1" 200 2737
INFO 2025-07-10 17:16:58,239 basehttp "GET /api/square-catalog-items/ HTTP/1.1" 200 2737
INFO 2025-07-10 17:17:02,193 basehttp "GET /api/order-stats/?locations=Bakery HTTP/1.1" 200 1567
INFO 2025-07-10 17:17:02,975 basehttp "GET /api/order-stats/?locations=Cafe HTTP/1.1" 200 1527
INFO 2025-07-10 17:17:08,835 basehttp "GET /api/order-stats/?locations=Bakery HTTP/1.1" 200 1567
